{"C:\\Users\\ahwag\\OneDrive\\Pictures\\Desktop\\data-collection-main\\backend\\src\\server.js": {"path":"C:\\Users\\ahwag\\OneDrive\\Pictures\\Desktop\\data-collection-main\\backend\\src\\server.js","statementMap":{"0":{"start":{"line":1,"column":16},"end":{"line":1,"column":34}},"1":{"start":{"line":2,"column":15},"end":{"line":2,"column":32}},"2":{"start":{"line":3,"column":13},"end":{"line":3,"column":28}},"3":{"start":{"line":5,"column":0},"end":{"line":5,"column":60}},"4":{"start":{"line":6,"column":0},"end":{"line":6,"column":63}},"5":{"start":{"line":8,"column":18},"end":{"line":8,"column":46}},"6":{"start":{"line":9,"column":22},"end":{"line":9,"column":50}},"7":{"start":{"line":10,"column":25},"end":{"line":10,"column":65}},"8":{"start":{"line":11,"column":26},"end":{"line":11,"column":67}},"9":{"start":{"line":13,"column":26},"end":{"line":13,"column":58}},"10":{"start":{"line":14,"column":30},"end":{"line":14,"column":66}},"11":{"start":{"line":15,"column":23},"end":{"line":15,"column":52}},"12":{"start":{"line":16,"column":21},"end":{"line":16,"column":47}},"13":{"start":{"line":17,"column":24},"end":{"line":17,"column":53}},"14":{"start":{"line":18,"column":24},"end":{"line":18,"column":54}},"15":{"start":{"line":19,"column":20},"end":{"line":19,"column":45}},"16":{"start":{"line":21,"column":12},"end":{"line":21,"column":21}},"17":{"start":{"line":23,"column":0},"end":{"line":23,"column":28}},"18":{"start":{"line":25,"column":19},"end":{"line":25,"column":42}},"19":{"start":{"line":27,"column":0},"end":{"line":33,"column":1}},"20":{"start":{"line":28,"column":2},"end":{"line":32,"column":3}},"21":{"start":{"line":29,"column":4},"end":{"line":29,"column":30}},"22":{"start":{"line":30,"column":9},"end":{"line":32,"column":3}},"23":{"start":{"line":31,"column":4},"end":{"line":31,"column":47}},"24":{"start":{"line":35,"column":25},"end":{"line":35,"column":64}},"25":{"start":{"line":37,"column":0},"end":{"line":37,"column":51}},"26":{"start":{"line":38,"column":0},"end":{"line":38,"column":73}},"27":{"start":{"line":40,"column":0},"end":{"line":42,"column":1}},"28":{"start":{"line":41,"column":2},"end":{"line":41,"column":14}},"29":{"start":{"line":44,"column":0},"end":{"line":44,"column":19}},"30":{"start":{"line":46,"column":0},"end":{"line":46,"column":67}},"31":{"start":{"line":47,"column":0},"end":{"line":47,"column":67}},"32":{"start":{"line":48,"column":0},"end":{"line":48,"column":61}},"33":{"start":{"line":49,"column":0},"end":{"line":49,"column":55}},"34":{"start":{"line":50,"column":0},"end":{"line":50,"column":61}},"35":{"start":{"line":51,"column":0},"end":{"line":51,"column":45}},"36":{"start":{"line":52,"column":0},"end":{"line":52,"column":35}},"37":{"start":{"line":54,"column":0},"end":{"line":56,"column":3}},"38":{"start":{"line":55,"column":2},"end":{"line":55,"column":69}},"39":{"start":{"line":58,"column":0},"end":{"line":63,"column":1}},"40":{"start":{"line":59,"column":15},"end":{"line":59,"column":39}},"41":{"start":{"line":60,"column":2},"end":{"line":62,"column":5}},"42":{"start":{"line":61,"column":4},"end":{"line":61,"column":50}},"43":{"start":{"line":65,"column":0},"end":{"line":65,"column":21}}},"fnMap":{"0":{"name":"(anonymous_0)","decl":{"start":{"line":54,"column":23},"end":{"line":54,"column":24}},"loc":{"start":{"line":54,"column":37},"end":{"line":56,"column":1}},"line":54},"1":{"name":"(anonymous_1)","decl":{"start":{"line":60,"column":19},"end":{"line":60,"column":20}},"loc":{"start":{"line":60,"column":25},"end":{"line":62,"column":3}},"line":60}},"branchMap":{"0":{"loc":{"start":{"line":27,"column":0},"end":{"line":33,"column":1}},"type":"if","locations":[{"start":{"line":27,"column":0},"end":{"line":33,"column":1}},{"start":{},"end":{}}],"line":27},"1":{"loc":{"start":{"line":28,"column":2},"end":{"line":32,"column":3}},"type":"if","locations":[{"start":{"line":28,"column":2},"end":{"line":32,"column":3}},{"start":{"line":30,"column":9},"end":{"line":32,"column":3}}],"line":28},"2":{"loc":{"start":{"line":30,"column":9},"end":{"line":32,"column":3}},"type":"if","locations":[{"start":{"line":30,"column":9},"end":{"line":32,"column":3}},{"start":{},"end":{}}],"line":30},"3":{"loc":{"start":{"line":35,"column":25},"end":{"line":35,"column":64}},"type":"binary-expr","locations":[{"start":{"line":35,"column":25},"end":{"line":35,"column":55}},{"start":{"line":35,"column":59},"end":{"line":35,"column":64}}],"line":35},"4":{"loc":{"start":{"line":40,"column":0},"end":{"line":42,"column":1}},"type":"if","locations":[{"start":{"line":40,"column":0},"end":{"line":42,"column":1}},{"start":{},"end":{}}],"line":40},"5":{"loc":{"start":{"line":58,"column":0},"end":{"line":63,"column":1}},"type":"if","locations":[{"start":{"line":58,"column":0},"end":{"line":63,"column":1}},{"start":{},"end":{}}],"line":58},"6":{"loc":{"start":{"line":59,"column":15},"end":{"line":59,"column":39}},"type":"binary-expr","locations":[{"start":{"line":59,"column":15},"end":{"line":59,"column":31}},{"start":{"line":59,"column":35},"end":{"line":59,"column":39}}],"line":59}},"s":{"0":1,"1":1,"2":1,"3":1,"4":1,"5":1,"6":1,"7":1,"8":1,"9":1,"10":1,"11":1,"12":1,"13":1,"14":1,"15":1,"16":1,"17":1,"18":1,"19":1,"20":1,"21":0,"22":1,"23":0,"24":1,"25":1,"26":1,"27":1,"28":0,"29":1,"30":1,"31":1,"32":1,"33":1,"34":1,"35":1,"36":1,"37":1,"38":1,"39":1,"40":0,"41":0,"42":0,"43":1},"f":{"0":1,"1":0},"b":{"0":[1,0],"1":[0,1],"2":[0,1],"3":[1,0],"4":[0,1],"5":[0,1],"6":[0,0]},"_coverageSchema":"1a1c01bbd47fc00a2c39e90264f33305004495a9","hash":"3417dcd7376e5f3c6cce4348e396592bf7bec2c1"}
,"C:\\Users\\ahwag\\OneDrive\\Pictures\\Desktop\\data-collection-main\\backend\\src\\routes\\admin.js": {"path":"C:\\Users\\ahwag\\OneDrive\\Pictures\\Desktop\\data-collection-main\\backend\\src\\routes\\admin.js","statementMap":{"0":{"start":{"line":1,"column":15},"end":{"line":1,"column":32}},"1":{"start":{"line":2,"column":16},"end":{"line":2,"column":34}},"2":{"start":{"line":4,"column":18},"end":{"line":4,"column":48}},"3":{"start":{"line":5,"column":25},"end":{"line":5,"column":66}},"4":{"start":{"line":11,"column":4},"end":{"line":11,"column":33}},"5":{"start":{"line":13,"column":15},"end":{"line":13,"column":31}},"6":{"start":{"line":15,"column":23},"end":{"line":15,"column":65}},"7":{"start":{"line":15,"column":39},"end":{"line":15,"column":65}},"8":{"start":{"line":16,"column":27},"end":{"line":16,"column":69}},"9":{"start":{"line":16,"column":38},"end":{"line":16,"column":69}},"10":{"start":{"line":18,"column":31},"end":{"line":18,"column":32}},"11":{"start":{"line":20,"column":23},"end":{"line":39,"column":1}},"12":{"start":{"line":21,"column":24},"end":{"line":21,"column":58}},"13":{"start":{"line":22,"column":31},"end":{"line":24,"column":28}},"14":{"start":{"line":26,"column":23},"end":{"line":30,"column":3}},"15":{"start":{"line":32,"column":2},"end":{"line":38,"column":4}},"16":{"start":{"line":41,"column":22},"end":{"line":46,"column":1}},"17":{"start":{"line":43,"column":4},"end":{"line":44,"column":68}},"18":{"start":{"line":45,"column":2},"end":{"line":45,"column":58}},"19":{"start":{"line":48,"column":31},"end":{"line":57,"column":2}},"20":{"start":{"line":48,"column":52},"end":{"line":57,"column":1}},"21":{"start":{"line":59,"column":22},"end":{"line":69,"column":1}},"22":{"start":{"line":60,"column":2},"end":{"line":66,"column":3}},"23":{"start":{"line":60,"column":21},"end":{"line":60,"column":22}},"24":{"start":{"line":61,"column":18},"end":{"line":61,"column":55}},"25":{"start":{"line":62,"column":19},"end":{"line":62,"column":52}},"26":{"start":{"line":63,"column":4},"end":{"line":65,"column":5}},"27":{"start":{"line":64,"column":6},"end":{"line":64,"column":19}},"28":{"start":{"line":68,"column":2},"end":{"line":68,"column":53}},"29":{"start":{"line":71,"column":32},"end":{"line":77,"column":2}},"30":{"start":{"line":71,"column":39},"end":{"line":77,"column":1}},"31":{"start":{"line":79,"column":0},"end":{"line":102,"column":3}},"32":{"start":{"line":80,"column":29},"end":{"line":80,"column":47}},"33":{"start":{"line":81,"column":2},"end":{"line":86,"column":3}},"34":{"start":{"line":82,"column":4},"end":{"line":85,"column":7}},"35":{"start":{"line":88,"column":23},"end":{"line":88,"column":37}},"36":{"start":{"line":89,"column":2},"end":{"line":94,"column":3}},"37":{"start":{"line":90,"column":4},"end":{"line":93,"column":7}},"38":{"start":{"line":96,"column":16},"end":{"line":96,"column":40}},"39":{"start":{"line":97,"column":2},"end":{"line":97,"column":67}},"40":{"start":{"line":98,"column":2},"end":{"line":101,"column":5}},"41":{"start":{"line":104,"column":0},"end":{"line":116,"column":3}},"42":{"start":{"line":105,"column":2},"end":{"line":110,"column":5}},"43":{"start":{"line":112,"column":2},"end":{"line":115,"column":5}},"44":{"start":{"line":118,"column":0},"end":{"line":118,"column":29}},"45":{"start":{"line":120,"column":0},"end":{"line":135,"column":3}},"46":{"start":{"line":121,"column":2},"end":{"line":134,"column":3}},"47":{"start":{"line":122,"column":23},"end":{"line":122,"column":79}},"48":{"start":{"line":123,"column":4},"end":{"line":128,"column":7}},"49":{"start":{"line":126,"column":8},"end":{"line":126,"column":46}},"50":{"start":{"line":130,"column":4},"end":{"line":133,"column":7}},"51":{"start":{"line":137,"column":0},"end":{"line":183,"column":3}},"52":{"start":{"line":138,"column":2},"end":{"line":182,"column":3}},"53":{"start":{"line":139,"column":17},"end":{"line":139,"column":31}},"54":{"start":{"line":140,"column":18},"end":{"line":140,"column":71}},"55":{"start":{"line":142,"column":4},"end":{"line":147,"column":5}},"56":{"start":{"line":143,"column":6},"end":{"line":146,"column":9}},"57":{"start":{"line":149,"column":21},"end":{"line":149,"column":54}},"58":{"start":{"line":150,"column":4},"end":{"line":155,"column":5}},"59":{"start":{"line":151,"column":6},"end":{"line":154,"column":9}},"60":{"start":{"line":157,"column":17},"end":{"line":157,"column":41}},"61":{"start":{"line":158,"column":4},"end":{"line":163,"column":5}},"62":{"start":{"line":159,"column":6},"end":{"line":162,"column":9}},"63":{"start":{"line":165,"column":22},"end":{"line":171,"column":6}},"64":{"start":{"line":173,"column":4},"end":{"line":176,"column":7}},"65":{"start":{"line":178,"column":4},"end":{"line":181,"column":7}},"66":{"start":{"line":185,"column":0},"end":{"line":234,"column":3}},"67":{"start":{"line":186,"column":2},"end":{"line":233,"column":3}},"68":{"start":{"line":187,"column":18},"end":{"line":187,"column":50}},"69":{"start":{"line":188,"column":4},"end":{"line":193,"column":5}},"70":{"start":{"line":189,"column":6},"end":{"line":192,"column":9}},"71":{"start":{"line":195,"column":17},"end":{"line":195,"column":31}},"72":{"start":{"line":196,"column":17},"end":{"line":196,"column":41}},"73":{"start":{"line":197,"column":4},"end":{"line":202,"column":5}},"74":{"start":{"line":198,"column":6},"end":{"line":201,"column":9}},"75":{"start":{"line":204,"column":20},"end":{"line":209,"column":5}},"76":{"start":{"line":211,"column":20},"end":{"line":215,"column":12}},"77":{"start":{"line":217,"column":4},"end":{"line":222,"column":5}},"78":{"start":{"line":218,"column":6},"end":{"line":221,"column":9}},"79":{"start":{"line":224,"column":4},"end":{"line":227,"column":7}},"80":{"start":{"line":229,"column":4},"end":{"line":232,"column":7}},"81":{"start":{"line":236,"column":0},"end":{"line":277,"column":3}},"82":{"start":{"line":237,"column":2},"end":{"line":276,"column":3}},"83":{"start":{"line":238,"column":18},"end":{"line":238,"column":50}},"84":{"start":{"line":239,"column":4},"end":{"line":244,"column":5}},"85":{"start":{"line":240,"column":6},"end":{"line":243,"column":9}},"86":{"start":{"line":246,"column":23},"end":{"line":246,"column":37}},"87":{"start":{"line":247,"column":4},"end":{"line":252,"column":5}},"88":{"start":{"line":248,"column":6},"end":{"line":251,"column":9}},"89":{"start":{"line":254,"column":20},"end":{"line":258,"column":12}},"90":{"start":{"line":260,"column":4},"end":{"line":265,"column":5}},"91":{"start":{"line":261,"column":6},"end":{"line":264,"column":9}},"92":{"start":{"line":267,"column":4},"end":{"line":270,"column":7}},"93":{"start":{"line":272,"column":4},"end":{"line":275,"column":7}},"94":{"start":{"line":279,"column":0},"end":{"line":307,"column":3}},"95":{"start":{"line":280,"column":2},"end":{"line":306,"column":3}},"96":{"start":{"line":281,"column":18},"end":{"line":281,"column":50}},"97":{"start":{"line":282,"column":4},"end":{"line":287,"column":5}},"98":{"start":{"line":283,"column":6},"end":{"line":286,"column":9}},"99":{"start":{"line":289,"column":20},"end":{"line":289,"column":70}},"100":{"start":{"line":290,"column":4},"end":{"line":295,"column":5}},"101":{"start":{"line":291,"column":6},"end":{"line":294,"column":9}},"102":{"start":{"line":297,"column":4},"end":{"line":300,"column":7}},"103":{"start":{"line":302,"column":4},"end":{"line":305,"column":7}},"104":{"start":{"line":309,"column":0},"end":{"line":309,"column":24}}},"fnMap":{"0":{"name":"(anonymous_0)","decl":{"start":{"line":15,"column":23},"end":{"line":15,"column":24}},"loc":{"start":{"line":15,"column":39},"end":{"line":15,"column":65}},"line":15},"1":{"name":"(anonymous_1)","decl":{"start":{"line":16,"column":27},"end":{"line":16,"column":28}},"loc":{"start":{"line":16,"column":38},"end":{"line":16,"column":69}},"line":16},"2":{"name":"(anonymous_2)","decl":{"start":{"line":20,"column":23},"end":{"line":20,"column":24}},"loc":{"start":{"line":20,"column":45},"end":{"line":39,"column":1}},"line":20},"3":{"name":"(anonymous_3)","decl":{"start":{"line":41,"column":22},"end":{"line":41,"column":23}},"loc":{"start":{"line":41,"column":38},"end":{"line":46,"column":1}},"line":41},"4":{"name":"(anonymous_4)","decl":{"start":{"line":48,"column":31},"end":{"line":48,"column":32}},"loc":{"start":{"line":48,"column":52},"end":{"line":57,"column":1}},"line":48},"5":{"name":"(anonymous_5)","decl":{"start":{"line":59,"column":22},"end":{"line":59,"column":23}},"loc":{"start":{"line":59,"column":34},"end":{"line":69,"column":1}},"line":59},"6":{"name":"(anonymous_6)","decl":{"start":{"line":71,"column":32},"end":{"line":71,"column":33}},"loc":{"start":{"line":71,"column":39},"end":{"line":77,"column":1}},"line":71},"7":{"name":"(anonymous_7)","decl":{"start":{"line":79,"column":27},"end":{"line":79,"column":28}},"loc":{"start":{"line":79,"column":41},"end":{"line":102,"column":1}},"line":79},"8":{"name":"(anonymous_8)","decl":{"start":{"line":104,"column":28},"end":{"line":104,"column":29}},"loc":{"start":{"line":104,"column":42},"end":{"line":116,"column":1}},"line":104},"9":{"name":"(anonymous_9)","decl":{"start":{"line":120,"column":27},"end":{"line":120,"column":28}},"loc":{"start":{"line":120,"column":47},"end":{"line":135,"column":1}},"line":120},"10":{"name":"(anonymous_10)","decl":{"start":{"line":125,"column":34},"end":{"line":125,"column":35}},"loc":{"start":{"line":126,"column":8},"end":{"line":126,"column":46}},"line":126},"11":{"name":"(anonymous_11)","decl":{"start":{"line":137,"column":28},"end":{"line":137,"column":29}},"loc":{"start":{"line":137,"column":48},"end":{"line":183,"column":1}},"line":137},"12":{"name":"(anonymous_12)","decl":{"start":{"line":185,"column":34},"end":{"line":185,"column":35}},"loc":{"start":{"line":185,"column":54},"end":{"line":234,"column":1}},"line":185},"13":{"name":"(anonymous_13)","decl":{"start":{"line":236,"column":43},"end":{"line":236,"column":44}},"loc":{"start":{"line":236,"column":63},"end":{"line":277,"column":1}},"line":236},"14":{"name":"(anonymous_14)","decl":{"start":{"line":279,"column":37},"end":{"line":279,"column":38}},"loc":{"start":{"line":279,"column":57},"end":{"line":307,"column":1}},"line":279}},"branchMap":{"0":{"loc":{"start":{"line":15,"column":24},"end":{"line":15,"column":34}},"type":"default-arg","locations":[{"start":{"line":15,"column":32},"end":{"line":15,"column":34}}],"line":15},"1":{"loc":{"start":{"line":20,"column":24},"end":{"line":20,"column":40}},"type":"default-arg","locations":[{"start":{"line":20,"column":38},"end":{"line":20,"column":40}}],"line":20},"2":{"loc":{"start":{"line":22,"column":31},"end":{"line":24,"column":28}},"type":"cond-expr","locations":[{"start":{"line":23,"column":6},"end":{"line":23,"column":59}},{"start":{"line":24,"column":6},"end":{"line":24,"column":28}}],"line":22},"3":{"loc":{"start":{"line":27,"column":4},"end":{"line":29,"column":77}},"type":"cond-expr","locations":[{"start":{"line":28,"column":8},"end":{"line":28,"column":33}},{"start":{"line":29,"column":8},"end":{"line":29,"column":77}}],"line":27},"4":{"loc":{"start":{"line":27,"column":4},"end":{"line":27,"column":84}},"type":"binary-expr","locations":[{"start":{"line":27,"column":4},"end":{"line":27,"column":44}},{"start":{"line":27,"column":48},"end":{"line":27,"column":84}}],"line":27},"5":{"loc":{"start":{"line":29,"column":21},"end":{"line":29,"column":57}},"type":"binary-expr","locations":[{"start":{"line":29,"column":21},"end":{"line":29,"column":46}},{"start":{"line":29,"column":50},"end":{"line":29,"column":57}}],"line":29},"6":{"loc":{"start":{"line":33,"column":19},"end":{"line":33,"column":55}},"type":"binary-expr","locations":[{"start":{"line":33,"column":19},"end":{"line":33,"column":44}},{"start":{"line":33,"column":48},"end":{"line":33,"column":55}}],"line":33},"7":{"loc":{"start":{"line":43,"column":4},"end":{"line":44,"column":68}},"type":"binary-expr","locations":[{"start":{"line":43,"column":4},"end":{"line":43,"column":28}},{"start":{"line":44,"column":4},"end":{"line":44,"column":68}}],"line":43},"8":{"loc":{"start":{"line":44,"column":25},"end":{"line":44,"column":46}},"type":"binary-expr","locations":[{"start":{"line":44,"column":25},"end":{"line":44,"column":40}},{"start":{"line":44,"column":44},"end":{"line":44,"column":46}}],"line":44},"9":{"loc":{"start":{"line":51,"column":15},"end":{"line":51,"column":42}},"type":"binary-expr","locations":[{"start":{"line":51,"column":15},"end":{"line":51,"column":36}},{"start":{"line":51,"column":40},"end":{"line":51,"column":42}}],"line":51},"10":{"loc":{"start":{"line":53,"column":25},"end":{"line":53,"column":47}},"type":"binary-expr","locations":[{"start":{"line":53,"column":25},"end":{"line":53,"column":41}},{"start":{"line":53,"column":45},"end":{"line":53,"column":47}}],"line":53},"11":{"loc":{"start":{"line":63,"column":4},"end":{"line":65,"column":5}},"type":"if","locations":[{"start":{"line":63,"column":4},"end":{"line":65,"column":5}},{"start":{},"end":{}}],"line":63},"12":{"loc":{"start":{"line":81,"column":2},"end":{"line":86,"column":3}},"type":"if","locations":[{"start":{"line":81,"column":2},"end":{"line":86,"column":3}},{"start":{},"end":{}}],"line":81},"13":{"loc":{"start":{"line":88,"column":23},"end":{"line":88,"column":37}},"type":"binary-expr","locations":[{"start":{"line":88,"column":23},"end":{"line":88,"column":31}},{"start":{"line":88,"column":35},"end":{"line":88,"column":37}}],"line":88},"14":{"loc":{"start":{"line":89,"column":2},"end":{"line":94,"column":3}},"type":"if","locations":[{"start":{"line":89,"column":2},"end":{"line":94,"column":3}},{"start":{},"end":{}}],"line":89},"15":{"loc":{"start":{"line":139,"column":17},"end":{"line":139,"column":31}},"type":"binary-expr","locations":[{"start":{"line":139,"column":17},"end":{"line":139,"column":25}},{"start":{"line":139,"column":29},"end":{"line":139,"column":31}}],"line":139},"16":{"loc":{"start":{"line":140,"column":33},"end":{"line":140,"column":70}},"type":"binary-expr","locations":[{"start":{"line":140,"column":33},"end":{"line":140,"column":43}},{"start":{"line":140,"column":48},"end":{"line":140,"column":69}}],"line":140},"17":{"loc":{"start":{"line":142,"column":4},"end":{"line":147,"column":5}},"type":"if","locations":[{"start":{"line":142,"column":4},"end":{"line":147,"column":5}},{"start":{},"end":{}}],"line":142},"18":{"loc":{"start":{"line":150,"column":4},"end":{"line":155,"column":5}},"type":"if","locations":[{"start":{"line":150,"column":4},"end":{"line":155,"column":5}},{"start":{},"end":{}}],"line":150},"19":{"loc":{"start":{"line":157,"column":18},"end":{"line":157,"column":33}},"type":"binary-expr","locations":[{"start":{"line":157,"column":18},"end":{"line":157,"column":27}},{"start":{"line":157,"column":31},"end":{"line":157,"column":33}}],"line":157},"20":{"loc":{"start":{"line":158,"column":4},"end":{"line":163,"column":5}},"type":"if","locations":[{"start":{"line":158,"column":4},"end":{"line":163,"column":5}},{"start":{},"end":{}}],"line":158},"21":{"loc":{"start":{"line":168,"column":20},"end":{"line":168,"column":42}},"type":"binary-expr","locations":[{"start":{"line":168,"column":20},"end":{"line":168,"column":36}},{"start":{"line":168,"column":40},"end":{"line":168,"column":42}}],"line":168},"22":{"loc":{"start":{"line":170,"column":29},"end":{"line":170,"column":46}},"type":"binary-expr","locations":[{"start":{"line":170,"column":29},"end":{"line":170,"column":40}},{"start":{"line":170,"column":44},"end":{"line":170,"column":46}}],"line":170},"23":{"loc":{"start":{"line":188,"column":4},"end":{"line":193,"column":5}},"type":"if","locations":[{"start":{"line":188,"column":4},"end":{"line":193,"column":5}},{"start":{},"end":{}}],"line":188},"24":{"loc":{"start":{"line":195,"column":17},"end":{"line":195,"column":31}},"type":"binary-expr","locations":[{"start":{"line":195,"column":17},"end":{"line":195,"column":25}},{"start":{"line":195,"column":29},"end":{"line":195,"column":31}}],"line":195},"25":{"loc":{"start":{"line":196,"column":18},"end":{"line":196,"column":33}},"type":"binary-expr","locations":[{"start":{"line":196,"column":18},"end":{"line":196,"column":27}},{"start":{"line":196,"column":31},"end":{"line":196,"column":33}}],"line":196},"26":{"loc":{"start":{"line":197,"column":4},"end":{"line":202,"column":5}},"type":"if","locations":[{"start":{"line":197,"column":4},"end":{"line":202,"column":5}},{"start":{},"end":{}}],"line":197},"27":{"loc":{"start":{"line":206,"column":20},"end":{"line":206,"column":42}},"type":"binary-expr","locations":[{"start":{"line":206,"column":20},"end":{"line":206,"column":36}},{"start":{"line":206,"column":40},"end":{"line":206,"column":42}}],"line":206},"28":{"loc":{"start":{"line":208,"column":29},"end":{"line":208,"column":46}},"type":"binary-expr","locations":[{"start":{"line":208,"column":29},"end":{"line":208,"column":40}},{"start":{"line":208,"column":44},"end":{"line":208,"column":46}}],"line":208},"29":{"loc":{"start":{"line":217,"column":4},"end":{"line":222,"column":5}},"type":"if","locations":[{"start":{"line":217,"column":4},"end":{"line":222,"column":5}},{"start":{},"end":{}}],"line":217},"30":{"loc":{"start":{"line":239,"column":4},"end":{"line":244,"column":5}},"type":"if","locations":[{"start":{"line":239,"column":4},"end":{"line":244,"column":5}},{"start":{},"end":{}}],"line":239},"31":{"loc":{"start":{"line":246,"column":23},"end":{"line":246,"column":37}},"type":"binary-expr","locations":[{"start":{"line":246,"column":23},"end":{"line":246,"column":31}},{"start":{"line":246,"column":35},"end":{"line":246,"column":37}}],"line":246},"32":{"loc":{"start":{"line":247,"column":4},"end":{"line":252,"column":5}},"type":"if","locations":[{"start":{"line":247,"column":4},"end":{"line":252,"column":5}},{"start":{},"end":{}}],"line":247},"33":{"loc":{"start":{"line":260,"column":4},"end":{"line":265,"column":5}},"type":"if","locations":[{"start":{"line":260,"column":4},"end":{"line":265,"column":5}},{"start":{},"end":{}}],"line":260},"34":{"loc":{"start":{"line":282,"column":4},"end":{"line":287,"column":5}},"type":"if","locations":[{"start":{"line":282,"column":4},"end":{"line":287,"column":5}},{"start":{},"end":{}}],"line":282},"35":{"loc":{"start":{"line":290,"column":4},"end":{"line":295,"column":5}},"type":"if","locations":[{"start":{"line":290,"column":4},"end":{"line":295,"column":5}},{"start":{},"end":{}}],"line":290}},"s":{"0":2,"1":2,"2":2,"3":2,"4":2,"5":2,"6":2,"7":1,"8":2,"9":1,"10":2,"11":2,"12":2,"13":2,"14":2,"15":2,"16":2,"17":1,"18":1,"19":2,"20":1,"21":2,"22":0,"23":0,"24":0,"25":0,"26":0,"27":0,"28":0,"29":2,"30":2,"31":2,"32":2,"33":2,"34":0,"35":2,"36":2,"37":0,"38":2,"39":2,"40":2,"41":2,"42":0,"43":0,"44":2,"45":2,"46":1,"47":1,"48":1,"49":0,"50":0,"51":2,"52":1,"53":1,"54":1,"55":1,"56":0,"57":1,"58":1,"59":0,"60":1,"61":1,"62":0,"63":1,"64":1,"65":0,"66":2,"67":0,"68":0,"69":0,"70":0,"71":0,"72":0,"73":0,"74":0,"75":0,"76":0,"77":0,"78":0,"79":0,"80":0,"81":2,"82":0,"83":0,"84":0,"85":0,"86":0,"87":0,"88":0,"89":0,"90":0,"91":0,"92":0,"93":0,"94":2,"95":0,"96":0,"97":0,"98":0,"99":0,"100":0,"101":0,"102":0,"103":0,"104":2},"f":{"0":1,"1":1,"2":2,"3":1,"4":1,"5":0,"6":2,"7":2,"8":0,"9":1,"10":0,"11":1,"12":0,"13":0,"14":0},"b":{"0":[0],"1":[0],"2":[2,0],"3":[0,2],"4":[2,0],"5":[2,0],"6":[2,0],"7":[1,1],"8":[1,0],"9":[1,1],"10":[1,0],"11":[0,0],"12":[0,2],"13":[2,0],"14":[0,2],"15":[1,0],"16":[1,0],"17":[0,1],"18":[0,1],"19":[1,0],"20":[0,1],"21":[1,1],"22":[1,0],"23":[0,0],"24":[0,0],"25":[0,0],"26":[0,0],"27":[0,0],"28":[0,0],"29":[0,0],"30":[0,0],"31":[0,0],"32":[0,0],"33":[0,0],"34":[0,0],"35":[0,0]},"_coverageSchema":"1a1c01bbd47fc00a2c39e90264f33305004495a9","hash":"d04ae05388eafaa095a98b66ac1b3fd33e2e7480"}
,"C:\\Users\\ahwag\\OneDrive\\Pictures\\Desktop\\data-collection-main\\backend\\src\\routes\\analytics.js": {"path":"C:\\Users\\ahwag\\OneDrive\\Pictures\\Desktop\\data-collection-main\\backend\\src\\routes\\analytics.js","statementMap":{"0":{"start":{"line":1,"column":16},"end":{"line":1,"column":34}},"1":{"start":{"line":2,"column":15},"end":{"line":2,"column":31}},"2":{"start":{"line":4,"column":20},"end":{"line":4,"column":52}},"3":{"start":{"line":5,"column":25},"end":{"line":5,"column":61}},"4":{"start":{"line":6,"column":18},"end":{"line":6,"column":48}},"5":{"start":{"line":11,"column":0},"end":{"line":40,"column":3}},"6":{"start":{"line":12,"column":2},"end":{"line":39,"column":3}},"7":{"start":{"line":13,"column":30},"end":{"line":13,"column":64}},"8":{"start":{"line":14,"column":26},"end":{"line":14,"column":65}},"9":{"start":{"line":15,"column":28},"end":{"line":15,"column":60}},"10":{"start":{"line":17,"column":31},"end":{"line":19,"column":6}},"11":{"start":{"line":22,"column":4},"end":{"line":31,"column":7}},"12":{"start":{"line":34,"column":4},"end":{"line":34,"column":50}},"13":{"start":{"line":35,"column":4},"end":{"line":38,"column":7}},"14":{"start":{"line":42,"column":0},"end":{"line":42,"column":24}}},"fnMap":{"0":{"name":"(anonymous_0)","decl":{"start":{"line":11,"column":21},"end":{"line":11,"column":22}},"loc":{"start":{"line":11,"column":41},"end":{"line":40,"column":1}},"line":11}},"branchMap":{},"s":{"0":1,"1":1,"2":1,"3":1,"4":1,"5":1,"6":0,"7":0,"8":0,"9":0,"10":0,"11":0,"12":0,"13":0,"14":1},"f":{"0":0},"b":{},"_coverageSchema":"1a1c01bbd47fc00a2c39e90264f33305004495a9","hash":"5e624543953db0e6ce087b0d6f79266779f9727f"}
,"C:\\Users\\ahwag\\OneDrive\\Pictures\\Desktop\\data-collection-main\\backend\\src\\routes\\export.js": {"path":"C:\\Users\\ahwag\\OneDrive\\Pictures\\Desktop\\data-collection-main\\backend\\src\\routes\\export.js","statementMap":{"0":{"start":{"line":1,"column":16},"end":{"line":1,"column":34}},"1":{"start":{"line":2,"column":15},"end":{"line":2,"column":31}},"2":{"start":{"line":4,"column":24},"end":{"line":4,"column":60}},"3":{"start":{"line":5,"column":18},"end":{"line":5,"column":48}},"4":{"start":{"line":7,"column":25},"end":{"line":10,"column":1}},"5":{"start":{"line":8,"column":17},"end":{"line":8,"column":30}},"6":{"start":{"line":9,"column":2},"end":{"line":9,"column":79}},"7":{"start":{"line":12,"column":22},"end":{"line":12,"column":78}},"8":{"start":{"line":13,"column":26},"end":{"line":16,"column":1}},"9":{"start":{"line":18,"column":18},"end":{"line":25,"column":1}},"10":{"start":{"line":19,"column":2},"end":{"line":21,"column":3}},"11":{"start":{"line":20,"column":4},"end":{"line":20,"column":16}},"12":{"start":{"line":23,"column":17},"end":{"line":23,"column":32}},"13":{"start":{"line":24,"column":2},"end":{"line":24,"column":56}},"14":{"start":{"line":27,"column":23},"end":{"line":27,"column":71}},"15":{"start":{"line":27,"column":35},"end":{"line":27,"column":70}},"16":{"start":{"line":29,"column":21},"end":{"line":39,"column":1}},"17":{"start":{"line":30,"column":16},"end":{"line":30,"column":20}},"18":{"start":{"line":31,"column":2},"end":{"line":37,"column":3}},"19":{"start":{"line":32,"column":4},"end":{"line":34,"column":5}},"20":{"start":{"line":33,"column":6},"end":{"line":33,"column":22}},"21":{"start":{"line":35,"column":4},"end":{"line":35,"column":35}},"22":{"start":{"line":36,"column":4},"end":{"line":36,"column":20}},"23":{"start":{"line":38,"column":2},"end":{"line":38,"column":12}},"24":{"start":{"line":44,"column":0},"end":{"line":110,"column":3}},"25":{"start":{"line":45,"column":2},"end":{"line":109,"column":3}},"26":{"start":{"line":46,"column":47},"end":{"line":46,"column":56}},"27":{"start":{"line":47,"column":19},"end":{"line":47,"column":51}},"28":{"start":{"line":49,"column":18},"end":{"line":49,"column":20}},"29":{"start":{"line":51,"column":4},"end":{"line":51,"column":44}},"30":{"start":{"line":51,"column":18},"end":{"line":51,"column":44}},"31":{"start":{"line":53,"column":4},"end":{"line":67,"column":5}},"32":{"start":{"line":54,"column":24},"end":{"line":54,"column":45}},"33":{"start":{"line":55,"column":22},"end":{"line":55,"column":41}},"34":{"start":{"line":57,"column":6},"end":{"line":62,"column":7}},"35":{"start":{"line":58,"column":8},"end":{"line":61,"column":11}},"36":{"start":{"line":64,"column":6},"end":{"line":64,"column":28}},"37":{"start":{"line":65,"column":6},"end":{"line":65,"column":55}},"38":{"start":{"line":65,"column":21},"end":{"line":65,"column":55}},"39":{"start":{"line":66,"column":6},"end":{"line":66,"column":51}},"40":{"start":{"line":66,"column":19},"end":{"line":66,"column":51}},"41":{"start":{"line":69,"column":4},"end":{"line":77,"column":5}},"42":{"start":{"line":70,"column":21},"end":{"line":72,"column":17}},"43":{"start":{"line":73,"column":6},"end":{"line":73,"column":60}},"44":{"start":{"line":74,"column":6},"end":{"line":74,"column":82}},"45":{"start":{"line":75,"column":6},"end":{"line":75,"column":38}},"46":{"start":{"line":76,"column":6},"end":{"line":76,"column":13}},"47":{"start":{"line":79,"column":17},"end":{"line":79,"column":52}},"48":{"start":{"line":80,"column":18},"end":{"line":83,"column":5}},"49":{"start":{"line":84,"column":17},"end":{"line":84,"column":35}},"50":{"start":{"line":86,"column":30},"end":{"line":93,"column":6}},"51":{"start":{"line":95,"column":4},"end":{"line":102,"column":7}},"52":{"start":{"line":104,"column":4},"end":{"line":104,"column":54}},"53":{"start":{"line":105,"column":4},"end":{"line":108,"column":7}},"54":{"start":{"line":115,"column":0},"end":{"line":165,"column":3}},"55":{"start":{"line":116,"column":2},"end":{"line":164,"column":3}},"56":{"start":{"line":117,"column":27},"end":{"line":117,"column":37}},"57":{"start":{"line":118,"column":19},"end":{"line":118,"column":51}},"58":{"start":{"line":120,"column":4},"end":{"line":131,"column":5}},"59":{"start":{"line":121,"column":21},"end":{"line":123,"column":17}},"60":{"start":{"line":124,"column":6},"end":{"line":124,"column":60}},"61":{"start":{"line":125,"column":6},"end":{"line":128,"column":8}},"62":{"start":{"line":129,"column":6},"end":{"line":129,"column":38}},"63":{"start":{"line":130,"column":6},"end":{"line":130,"column":13}},"64":{"start":{"line":133,"column":17},"end":{"line":133,"column":52}},"65":{"start":{"line":134,"column":18},"end":{"line":137,"column":5}},"66":{"start":{"line":138,"column":17},"end":{"line":138,"column":35}},"67":{"start":{"line":140,"column":32},"end":{"line":147,"column":6}},"68":{"start":{"line":149,"column":4},"end":{"line":157,"column":7}},"69":{"start":{"line":159,"column":4},"end":{"line":159,"column":56}},"70":{"start":{"line":160,"column":4},"end":{"line":163,"column":7}},"71":{"start":{"line":167,"column":0},"end":{"line":167,"column":24}}},"fnMap":{"0":{"name":"(anonymous_0)","decl":{"start":{"line":7,"column":25},"end":{"line":7,"column":26}},"loc":{"start":{"line":7,"column":46},"end":{"line":10,"column":1}},"line":7},"1":{"name":"(anonymous_1)","decl":{"start":{"line":18,"column":18},"end":{"line":18,"column":19}},"loc":{"start":{"line":18,"column":29},"end":{"line":25,"column":1}},"line":18},"2":{"name":"(anonymous_2)","decl":{"start":{"line":27,"column":23},"end":{"line":27,"column":24}},"loc":{"start":{"line":27,"column":35},"end":{"line":27,"column":70}},"line":27},"3":{"name":"(anonymous_3)","decl":{"start":{"line":29,"column":21},"end":{"line":29,"column":22}},"loc":{"start":{"line":29,"column":44},"end":{"line":39,"column":1}},"line":29},"4":{"name":"(anonymous_4)","decl":{"start":{"line":44,"column":24},"end":{"line":44,"column":25}},"loc":{"start":{"line":44,"column":44},"end":{"line":110,"column":1}},"line":44},"5":{"name":"(anonymous_5)","decl":{"start":{"line":115,"column":38},"end":{"line":115,"column":39}},"loc":{"start":{"line":115,"column":58},"end":{"line":165,"column":1}},"line":115}},"branchMap":{"0":{"loc":{"start":{"line":9,"column":9},"end":{"line":9,"column":78}},"type":"cond-expr","locations":[{"start":{"line":9,"column":49},"end":{"line":9,"column":67}},{"start":{"line":9,"column":70},"end":{"line":9,"column":78}}],"line":9},"1":{"loc":{"start":{"line":9,"column":9},"end":{"line":9,"column":46}},"type":"binary-expr","locations":[{"start":{"line":9,"column":9},"end":{"line":9,"column":32}},{"start":{"line":9,"column":36},"end":{"line":9,"column":46}}],"line":9},"2":{"loc":{"start":{"line":19,"column":2},"end":{"line":21,"column":3}},"type":"if","locations":[{"start":{"line":19,"column":2},"end":{"line":21,"column":3}},{"start":{},"end":{}}],"line":19},"3":{"loc":{"start":{"line":24,"column":9},"end":{"line":24,"column":55}},"type":"cond-expr","locations":[{"start":{"line":24,"column":42},"end":{"line":24,"column":46}},{"start":{"line":24,"column":49},"end":{"line":24,"column":55}}],"line":24},"4":{"loc":{"start":{"line":27,"column":35},"end":{"line":27,"column":70}},"type":"cond-expr","locations":[{"start":{"line":27,"column":54},"end":{"line":27,"column":60}},{"start":{"line":27,"column":63},"end":{"line":27,"column":70}}],"line":27},"5":{"loc":{"start":{"line":32,"column":4},"end":{"line":34,"column":5}},"type":"if","locations":[{"start":{"line":32,"column":4},"end":{"line":34,"column":5}},{"start":{},"end":{}}],"line":32},"6":{"loc":{"start":{"line":51,"column":4},"end":{"line":51,"column":44}},"type":"if","locations":[{"start":{"line":51,"column":4},"end":{"line":51,"column":44}},{"start":{},"end":{}}],"line":51},"7":{"loc":{"start":{"line":53,"column":4},"end":{"line":67,"column":5}},"type":"if","locations":[{"start":{"line":53,"column":4},"end":{"line":67,"column":5}},{"start":{},"end":{}}],"line":53},"8":{"loc":{"start":{"line":53,"column":8},"end":{"line":53,"column":30}},"type":"binary-expr","locations":[{"start":{"line":53,"column":8},"end":{"line":53,"column":18}},{"start":{"line":53,"column":22},"end":{"line":53,"column":30}}],"line":53},"9":{"loc":{"start":{"line":57,"column":6},"end":{"line":62,"column":7}},"type":"if","locations":[{"start":{"line":57,"column":6},"end":{"line":62,"column":7}},{"start":{},"end":{}}],"line":57},"10":{"loc":{"start":{"line":57,"column":10},"end":{"line":57,"column":62}},"type":"binary-expr","locations":[{"start":{"line":57,"column":11},"end":{"line":57,"column":21}},{"start":{"line":57,"column":25},"end":{"line":57,"column":35}},{"start":{"line":57,"column":41},"end":{"line":57,"column":49}},{"start":{"line":57,"column":53},"end":{"line":57,"column":61}}],"line":57},"11":{"loc":{"start":{"line":65,"column":6},"end":{"line":65,"column":55}},"type":"if","locations":[{"start":{"line":65,"column":6},"end":{"line":65,"column":55}},{"start":{},"end":{}}],"line":65},"12":{"loc":{"start":{"line":66,"column":6},"end":{"line":66,"column":51}},"type":"if","locations":[{"start":{"line":66,"column":6},"end":{"line":66,"column":51}},{"start":{},"end":{}}],"line":66},"13":{"loc":{"start":{"line":69,"column":4},"end":{"line":77,"column":5}},"type":"if","locations":[{"start":{"line":69,"column":4},"end":{"line":77,"column":5}},{"start":{},"end":{}}],"line":69},"14":{"loc":{"start":{"line":120,"column":4},"end":{"line":131,"column":5}},"type":"if","locations":[{"start":{"line":120,"column":4},"end":{"line":131,"column":5}},{"start":{},"end":{}}],"line":120}},"s":{"0":1,"1":1,"2":1,"3":1,"4":1,"5":2,"6":2,"7":1,"8":1,"9":1,"10":0,"11":0,"12":0,"13":0,"14":1,"15":0,"16":1,"17":0,"18":0,"19":0,"20":0,"21":0,"22":0,"23":0,"24":1,"25":0,"26":0,"27":0,"28":0,"29":0,"30":0,"31":0,"32":0,"33":0,"34":0,"35":0,"36":0,"37":0,"38":0,"39":0,"40":0,"41":0,"42":0,"43":0,"44":0,"45":0,"46":0,"47":0,"48":0,"49":0,"50":0,"51":0,"52":0,"53":0,"54":1,"55":0,"56":0,"57":0,"58":0,"59":0,"60":0,"61":0,"62":0,"63":0,"64":0,"65":0,"66":0,"67":0,"68":0,"69":0,"70":0,"71":1},"f":{"0":2,"1":0,"2":0,"3":0,"4":0,"5":0},"b":{"0":[2,0],"1":[2,2],"2":[0,0],"3":[0,0],"4":[0,0],"5":[0,0],"6":[0,0],"7":[0,0],"8":[0,0],"9":[0,0],"10":[0,0,0,0],"11":[0,0],"12":[0,0],"13":[0,0],"14":[0,0]},"_coverageSchema":"1a1c01bbd47fc00a2c39e90264f33305004495a9","hash":"721c8dcf0437cbb68f7312be4d5fe36ddc5b6dec"}
,"C:\\Users\\ahwag\\OneDrive\\Pictures\\Desktop\\data-collection-main\\backend\\src\\routes\\participants.js": {"path":"C:\\Users\\ahwag\\OneDrive\\Pictures\\Desktop\\data-collection-main\\backend\\src\\routes\\participants.js","statementMap":{"0":{"start":{"line":1,"column":16},"end":{"line":1,"column":34}},"1":{"start":{"line":2,"column":15},"end":{"line":2,"column":31}},"2":{"start":{"line":3,"column":20},"end":{"line":3,"column":52}},"3":{"start":{"line":4,"column":21},"end":{"line":4,"column":54}},"4":{"start":{"line":5,"column":18},"end":{"line":5,"column":48}},"5":{"start":{"line":7,"column":29},"end":{"line":8,"column":80}},"6":{"start":{"line":8,"column":2},"end":{"line":8,"column":80}},"7":{"start":{"line":10,"column":29},"end":{"line":10,"column":53}},"8":{"start":{"line":11,"column":31},"end":{"line":11,"column":55}},"9":{"start":{"line":12,"column":20},"end":{"line":12,"column":39}},"10":{"start":{"line":13,"column":22},"end":{"line":13,"column":62}},"11":{"start":{"line":14,"column":25},"end":{"line":14,"column":78}},"12":{"start":{"line":16,"column":27},"end":{"line":30,"column":1}},"13":{"start":{"line":32,"column":23},"end":{"line":45,"column":1}},"14":{"start":{"line":33,"column":23},"end":{"line":33,"column":85}},"15":{"start":{"line":34,"column":2},"end":{"line":44,"column":4}},"16":{"start":{"line":47,"column":17},"end":{"line":48,"column":70}},"17":{"start":{"line":48,"column":2},"end":{"line":48,"column":70}},"18":{"start":{"line":50,"column":27},"end":{"line":123,"column":1}},"19":{"start":{"line":51,"column":2},"end":{"line":53,"column":3}},"20":{"start":{"line":52,"column":4},"end":{"line":52,"column":14}},"21":{"start":{"line":55,"column":17},"end":{"line":55,"column":19}},"22":{"start":{"line":56,"column":23},"end":{"line":64,"column":3}},"23":{"start":{"line":66,"column":2},"end":{"line":71,"column":3}},"24":{"start":{"line":67,"column":4},"end":{"line":69,"column":5}},"25":{"start":{"line":68,"column":6},"end":{"line":68,"column":15}},"26":{"start":{"line":70,"column":4},"end":{"line":70,"column":33}},"27":{"start":{"line":73,"column":2},"end":{"line":86,"column":3}},"28":{"start":{"line":74,"column":4},"end":{"line":85,"column":5}},"29":{"start":{"line":75,"column":25},"end":{"line":75,"column":76}},"30":{"start":{"line":76,"column":6},"end":{"line":82,"column":7}},"31":{"start":{"line":77,"column":8},"end":{"line":77,"column":46}},"32":{"start":{"line":78,"column":13},"end":{"line":82,"column":7}},"33":{"start":{"line":79,"column":8},"end":{"line":79,"column":47}},"34":{"start":{"line":81,"column":8},"end":{"line":81,"column":46}},"35":{"start":{"line":83,"column":11},"end":{"line":85,"column":5}},"36":{"start":{"line":84,"column":6},"end":{"line":84,"column":44}},"37":{"start":{"line":88,"column":32},"end":{"line":88,"column":68}},"38":{"start":{"line":89,"column":2},"end":{"line":102,"column":3}},"39":{"start":{"line":90,"column":23},"end":{"line":90,"column":25}},"40":{"start":{"line":91,"column":4},"end":{"line":100,"column":5}},"41":{"start":{"line":92,"column":33},"end":{"line":92,"column":67}},"42":{"start":{"line":93,"column":36},"end":{"line":93,"column":73}},"43":{"start":{"line":94,"column":6},"end":{"line":99,"column":7}},"44":{"start":{"line":98,"column":8},"end":{"line":98,"column":63}},"45":{"start":{"line":101,"column":4},"end":{"line":101,"column":55}},"46":{"start":{"line":104,"column":32},"end":{"line":104,"column":70}},"47":{"start":{"line":105,"column":2},"end":{"line":120,"column":3}},"48":{"start":{"line":106,"column":23},"end":{"line":106,"column":25}},"49":{"start":{"line":107,"column":4},"end":{"line":118,"column":5}},"50":{"start":{"line":108,"column":33},"end":{"line":108,"column":67}},"51":{"start":{"line":109,"column":30},"end":{"line":109,"column":43}},"52":{"start":{"line":110,"column":6},"end":{"line":117,"column":7}},"53":{"start":{"line":116,"column":8},"end":{"line":116,"column":57}},"54":{"start":{"line":119,"column":4},"end":{"line":119,"column":57}},"55":{"start":{"line":122,"column":2},"end":{"line":122,"column":16}},"56":{"start":{"line":125,"column":27},"end":{"line":137,"column":1}},"57":{"start":{"line":126,"column":2},"end":{"line":128,"column":3}},"58":{"start":{"line":127,"column":4},"end":{"line":127,"column":14}},"59":{"start":{"line":130,"column":18},"end":{"line":130,"column":68}},"60":{"start":{"line":131,"column":2},"end":{"line":136,"column":9}},"61":{"start":{"line":132,"column":4},"end":{"line":134,"column":5}},"62":{"start":{"line":133,"column":6},"end":{"line":133,"column":28}},"63":{"start":{"line":135,"column":4},"end":{"line":135,"column":15}},"64":{"start":{"line":139,"column":24},"end":{"line":170,"column":1}},"65":{"start":{"line":140,"column":2},"end":{"line":142,"column":3}},"66":{"start":{"line":141,"column":4},"end":{"line":141,"column":14}},"67":{"start":{"line":144,"column":18},"end":{"line":162,"column":3}},"68":{"start":{"line":164,"column":2},"end":{"line":169,"column":9}},"69":{"start":{"line":165,"column":4},"end":{"line":167,"column":5}},"70":{"start":{"line":166,"column":6},"end":{"line":166,"column":28}},"71":{"start":{"line":168,"column":4},"end":{"line":168,"column":15}},"72":{"start":{"line":173,"column":0},"end":{"line":253,"column":3}},"73":{"start":{"line":174,"column":2},"end":{"line":252,"column":3}},"74":{"start":{"line":175,"column":28},"end":{"line":175,"column":42}},"75":{"start":{"line":177,"column":4},"end":{"line":179,"column":5}},"76":{"start":{"line":178,"column":6},"end":{"line":178,"column":38}},"77":{"start":{"line":180,"column":4},"end":{"line":185,"column":5}},"78":{"start":{"line":181,"column":6},"end":{"line":184,"column":9}},"79":{"start":{"line":193,"column":8},"end":{"line":193,"column":16}},"80":{"start":{"line":195,"column":4},"end":{"line":197,"column":5}},"81":{"start":{"line":196,"column":6},"end":{"line":196,"column":37}},"82":{"start":{"line":199,"column":4},"end":{"line":204,"column":5}},"83":{"start":{"line":200,"column":6},"end":{"line":203,"column":9}},"84":{"start":{"line":206,"column":32},"end":{"line":206,"column":74}},"85":{"start":{"line":207,"column":4},"end":{"line":212,"column":5}},"86":{"start":{"line":208,"column":6},"end":{"line":211,"column":9}},"87":{"start":{"line":214,"column":22},"end":{"line":214,"column":67}},"88":{"start":{"line":215,"column":33},"end":{"line":215,"column":64}},"89":{"start":{"line":216,"column":33},"end":{"line":216,"column":64}},"90":{"start":{"line":217,"column":30},"end":{"line":217,"column":54}},"91":{"start":{"line":219,"column":4},"end":{"line":244,"column":5}},"92":{"start":{"line":220,"column":6},"end":{"line":228,"column":7}},"93":{"start":{"line":224,"column":8},"end":{"line":227,"column":11}},"94":{"start":{"line":230,"column":6},"end":{"line":230,"column":88}},"95":{"start":{"line":231,"column":6},"end":{"line":231,"column":77}},"96":{"start":{"line":232,"column":6},"end":{"line":232,"column":88}},"97":{"start":{"line":233,"column":6},"end":{"line":233,"column":56}},"98":{"start":{"line":234,"column":6},"end":{"line":234,"column":31}},"99":{"start":{"line":236,"column":6},"end":{"line":242,"column":9}},"100":{"start":{"line":243,"column":6},"end":{"line":243,"column":31}},"101":{"start":{"line":246,"column":4},"end":{"line":249,"column":7}},"102":{"start":{"line":251,"column":4},"end":{"line":251,"column":84}},"103":{"start":{"line":255,"column":0},"end":{"line":358,"column":3}},"104":{"start":{"line":256,"column":2},"end":{"line":357,"column":3}},"105":{"start":{"line":257,"column":31},"end":{"line":257,"column":41}},"106":{"start":{"line":258,"column":49},"end":{"line":258,"column":63}},"107":{"start":{"line":260,"column":4},"end":{"line":265,"column":5}},"108":{"start":{"line":261,"column":6},"end":{"line":264,"column":9}},"109":{"start":{"line":267,"column":30},"end":{"line":267,"column":44}},"110":{"start":{"line":268,"column":24},"end":{"line":268,"column":69}},"111":{"start":{"line":269,"column":4},"end":{"line":274,"column":5}},"112":{"start":{"line":270,"column":6},"end":{"line":273,"column":9}},"113":{"start":{"line":276,"column":4},"end":{"line":284,"column":5}},"114":{"start":{"line":280,"column":6},"end":{"line":283,"column":9}},"115":{"start":{"line":286,"column":4},"end":{"line":294,"column":5}},"116":{"start":{"line":290,"column":6},"end":{"line":293,"column":9}},"117":{"start":{"line":296,"column":4},"end":{"line":313,"column":5}},"118":{"start":{"line":297,"column":6},"end":{"line":307,"column":8}},"119":{"start":{"line":309,"column":6},"end":{"line":312,"column":8}},"120":{"start":{"line":315,"column":22},"end":{"line":318,"column":13}},"121":{"start":{"line":320,"column":4},"end":{"line":325,"column":5}},"122":{"start":{"line":321,"column":6},"end":{"line":324,"column":9}},"123":{"start":{"line":327,"column":22},"end":{"line":327,"column":76}},"124":{"start":{"line":328,"column":4},"end":{"line":328,"column":54}},"125":{"start":{"line":329,"column":4},"end":{"line":329,"column":29}},"126":{"start":{"line":331,"column":25},"end":{"line":346,"column":6}},"127":{"start":{"line":348,"column":4},"end":{"line":351,"column":7}},"128":{"start":{"line":353,"column":4},"end":{"line":356,"column":7}},"129":{"start":{"line":360,"column":0},"end":{"line":425,"column":3}},"130":{"start":{"line":361,"column":2},"end":{"line":424,"column":3}},"131":{"start":{"line":362,"column":31},"end":{"line":362,"column":41}},"132":{"start":{"line":364,"column":4},"end":{"line":369,"column":5}},"133":{"start":{"line":365,"column":6},"end":{"line":368,"column":9}},"134":{"start":{"line":371,"column":30},"end":{"line":371,"column":44}},"135":{"start":{"line":372,"column":24},"end":{"line":372,"column":76}},"136":{"start":{"line":373,"column":4},"end":{"line":378,"column":5}},"137":{"start":{"line":374,"column":6},"end":{"line":377,"column":9}},"138":{"start":{"line":380,"column":4},"end":{"line":388,"column":5}},"139":{"start":{"line":384,"column":6},"end":{"line":387,"column":9}},"140":{"start":{"line":390,"column":26},"end":{"line":402,"column":13}},"141":{"start":{"line":404,"column":4},"end":{"line":409,"column":5}},"142":{"start":{"line":405,"column":6},"end":{"line":408,"column":9}},"143":{"start":{"line":411,"column":4},"end":{"line":418,"column":7}},"144":{"start":{"line":420,"column":4},"end":{"line":423,"column":7}},"145":{"start":{"line":427,"column":0},"end":{"line":519,"column":3}},"146":{"start":{"line":428,"column":2},"end":{"line":518,"column":3}},"147":{"start":{"line":429,"column":49},"end":{"line":429,"column":59}},"148":{"start":{"line":436,"column":8},"end":{"line":436,"column":22}},"149":{"start":{"line":438,"column":4},"end":{"line":443,"column":5}},"150":{"start":{"line":439,"column":6},"end":{"line":442,"column":9}},"151":{"start":{"line":445,"column":4},"end":{"line":450,"column":5}},"152":{"start":{"line":446,"column":6},"end":{"line":449,"column":9}},"153":{"start":{"line":452,"column":20},"end":{"line":454,"column":5}},"154":{"start":{"line":456,"column":4},"end":{"line":458,"column":5}},"155":{"start":{"line":457,"column":6},"end":{"line":457,"column":44}},"156":{"start":{"line":459,"column":4},"end":{"line":467,"column":5}},"157":{"start":{"line":460,"column":6},"end":{"line":465,"column":7}},"158":{"start":{"line":461,"column":8},"end":{"line":464,"column":11}},"159":{"start":{"line":466,"column":6},"end":{"line":466,"column":62}},"160":{"start":{"line":468,"column":4},"end":{"line":476,"column":5}},"161":{"start":{"line":469,"column":6},"end":{"line":474,"column":7}},"162":{"start":{"line":470,"column":8},"end":{"line":473,"column":11}},"163":{"start":{"line":475,"column":6},"end":{"line":475,"column":62}},"164":{"start":{"line":477,"column":4},"end":{"line":479,"column":5}},"165":{"start":{"line":478,"column":6},"end":{"line":478,"column":60}},"166":{"start":{"line":480,"column":4},"end":{"line":485,"column":5}},"167":{"start":{"line":481,"column":6},"end":{"line":481,"column":35}},"168":{"start":{"line":482,"column":6},"end":{"line":482,"column":29}},"169":{"start":{"line":483,"column":6},"end":{"line":483,"column":40}},"170":{"start":{"line":484,"column":6},"end":{"line":484,"column":41}},"171":{"start":{"line":487,"column":20},"end":{"line":500,"column":5}},"172":{"start":{"line":502,"column":4},"end":{"line":507,"column":5}},"173":{"start":{"line":503,"column":6},"end":{"line":506,"column":9}},"174":{"start":{"line":509,"column":4},"end":{"line":512,"column":7}},"175":{"start":{"line":514,"column":4},"end":{"line":517,"column":7}},"176":{"start":{"line":521,"column":0},"end":{"line":521,"column":24}}},"fnMap":{"0":{"name":"(anonymous_0)","decl":{"start":{"line":7,"column":29},"end":{"line":7,"column":30}},"loc":{"start":{"line":8,"column":2},"end":{"line":8,"column":80}},"line":8},"1":{"name":"(anonymous_1)","decl":{"start":{"line":32,"column":23},"end":{"line":32,"column":24}},"loc":{"start":{"line":32,"column":43},"end":{"line":45,"column":1}},"line":32},"2":{"name":"(anonymous_2)","decl":{"start":{"line":47,"column":17},"end":{"line":47,"column":18}},"loc":{"start":{"line":48,"column":2},"end":{"line":48,"column":70}},"line":48},"3":{"name":"(anonymous_3)","decl":{"start":{"line":50,"column":27},"end":{"line":50,"column":28}},"loc":{"start":{"line":50,"column":43},"end":{"line":123,"column":1}},"line":50},"4":{"name":"(anonymous_4)","decl":{"start":{"line":125,"column":27},"end":{"line":125,"column":28}},"loc":{"start":{"line":125,"column":43},"end":{"line":137,"column":1}},"line":125},"5":{"name":"(anonymous_5)","decl":{"start":{"line":131,"column":24},"end":{"line":131,"column":25}},"loc":{"start":{"line":131,"column":38},"end":{"line":136,"column":3}},"line":131},"6":{"name":"(anonymous_6)","decl":{"start":{"line":139,"column":24},"end":{"line":139,"column":25}},"loc":{"start":{"line":139,"column":40},"end":{"line":170,"column":1}},"line":139},"7":{"name":"(anonymous_7)","decl":{"start":{"line":164,"column":24},"end":{"line":164,"column":25}},"loc":{"start":{"line":164,"column":38},"end":{"line":169,"column":3}},"line":164},"8":{"name":"(anonymous_8)","decl":{"start":{"line":173,"column":17},"end":{"line":173,"column":18}},"loc":{"start":{"line":173,"column":37},"end":{"line":253,"column":1}},"line":173},"9":{"name":"(anonymous_9)","decl":{"start":{"line":255,"column":53},"end":{"line":255,"column":54}},"loc":{"start":{"line":255,"column":73},"end":{"line":358,"column":1}},"line":255},"10":{"name":"(anonymous_10)","decl":{"start":{"line":360,"column":53},"end":{"line":360,"column":54}},"loc":{"start":{"line":360,"column":73},"end":{"line":425,"column":1}},"line":360},"11":{"name":"(anonymous_11)","decl":{"start":{"line":427,"column":66},"end":{"line":427,"column":67}},"loc":{"start":{"line":427,"column":86},"end":{"line":519,"column":1}},"line":427}},"branchMap":{"0":{"loc":{"start":{"line":32,"column":24},"end":{"line":32,"column":38}},"type":"default-arg","locations":[{"start":{"line":32,"column":36},"end":{"line":32,"column":38}}],"line":32},"1":{"loc":{"start":{"line":33,"column":55},"end":{"line":33,"column":84}},"type":"binary-expr","locations":[{"start":{"line":33,"column":55},"end":{"line":33,"column":78}},{"start":{"line":33,"column":82},"end":{"line":33,"column":84}}],"line":33},"2":{"loc":{"start":{"line":37,"column":6},"end":{"line":40,"column":18}},"type":"binary-expr","locations":[{"start":{"line":37,"column":6},"end":{"line":37,"column":31}},{"start":{"line":38,"column":7},"end":{"line":40,"column":17}}],"line":37},"3":{"loc":{"start":{"line":38,"column":7},"end":{"line":40,"column":17}},"type":"cond-expr","locations":[{"start":{"line":39,"column":10},"end":{"line":39,"column":33}},{"start":{"line":40,"column":10},"end":{"line":40,"column":17}}],"line":38},"4":{"loc":{"start":{"line":41,"column":53},"end":{"line":41,"column":82}},"type":"binary-expr","locations":[{"start":{"line":41,"column":53},"end":{"line":41,"column":77}},{"start":{"line":41,"column":81},"end":{"line":41,"column":82}}],"line":41},"5":{"loc":{"start":{"line":48,"column":2},"end":{"line":48,"column":70}},"type":"binary-expr","locations":[{"start":{"line":48,"column":2},"end":{"line":48,"column":16}},{"start":{"line":48,"column":20},"end":{"line":48,"column":45}},{"start":{"line":48,"column":49},"end":{"line":48,"column":70}}],"line":48},"6":{"loc":{"start":{"line":50,"column":28},"end":{"line":50,"column":38}},"type":"default-arg","locations":[{"start":{"line":50,"column":36},"end":{"line":50,"column":38}}],"line":50},"7":{"loc":{"start":{"line":51,"column":2},"end":{"line":53,"column":3}},"type":"if","locations":[{"start":{"line":51,"column":2},"end":{"line":53,"column":3}},{"start":{},"end":{}}],"line":51},"8":{"loc":{"start":{"line":67,"column":4},"end":{"line":69,"column":5}},"type":"if","locations":[{"start":{"line":67,"column":4},"end":{"line":69,"column":5}},{"start":{},"end":{}}],"line":67},"9":{"loc":{"start":{"line":73,"column":2},"end":{"line":86,"column":3}},"type":"if","locations":[{"start":{"line":73,"column":2},"end":{"line":86,"column":3}},{"start":{},"end":{}}],"line":73},"10":{"loc":{"start":{"line":74,"column":4},"end":{"line":85,"column":5}},"type":"if","locations":[{"start":{"line":74,"column":4},"end":{"line":85,"column":5}},{"start":{"line":83,"column":11},"end":{"line":85,"column":5}}],"line":74},"11":{"loc":{"start":{"line":76,"column":6},"end":{"line":82,"column":7}},"type":"if","locations":[{"start":{"line":76,"column":6},"end":{"line":82,"column":7}},{"start":{"line":78,"column":13},"end":{"line":82,"column":7}}],"line":76},"12":{"loc":{"start":{"line":78,"column":13},"end":{"line":82,"column":7}},"type":"if","locations":[{"start":{"line":78,"column":13},"end":{"line":82,"column":7}},{"start":{"line":80,"column":13},"end":{"line":82,"column":7}}],"line":78},"13":{"loc":{"start":{"line":83,"column":11},"end":{"line":85,"column":5}},"type":"if","locations":[{"start":{"line":83,"column":11},"end":{"line":85,"column":5}},{"start":{},"end":{}}],"line":83},"14":{"loc":{"start":{"line":89,"column":2},"end":{"line":102,"column":3}},"type":"if","locations":[{"start":{"line":89,"column":2},"end":{"line":102,"column":3}},{"start":{},"end":{}}],"line":89},"15":{"loc":{"start":{"line":94,"column":6},"end":{"line":99,"column":7}},"type":"if","locations":[{"start":{"line":94,"column":6},"end":{"line":99,"column":7}},{"start":{},"end":{}}],"line":94},"16":{"loc":{"start":{"line":95,"column":8},"end":{"line":96,"column":51}},"type":"binary-expr","locations":[{"start":{"line":95,"column":8},"end":{"line":95,"column":45}},{"start":{"line":96,"column":8},"end":{"line":96,"column":51}}],"line":95},"17":{"loc":{"start":{"line":105,"column":2},"end":{"line":120,"column":3}},"type":"if","locations":[{"start":{"line":105,"column":2},"end":{"line":120,"column":3}},{"start":{},"end":{}}],"line":105},"18":{"loc":{"start":{"line":110,"column":6},"end":{"line":117,"column":7}},"type":"if","locations":[{"start":{"line":110,"column":6},"end":{"line":117,"column":7}},{"start":{},"end":{}}],"line":110},"19":{"loc":{"start":{"line":111,"column":8},"end":{"line":114,"column":29}},"type":"binary-expr","locations":[{"start":{"line":111,"column":8},"end":{"line":111,"column":45}},{"start":{"line":112,"column":8},"end":{"line":112,"column":40}},{"start":{"line":113,"column":8},"end":{"line":113,"column":28}},{"start":{"line":114,"column":8},"end":{"line":114,"column":29}}],"line":111},"20":{"loc":{"start":{"line":125,"column":28},"end":{"line":125,"column":38}},"type":"default-arg","locations":[{"start":{"line":125,"column":36},"end":{"line":125,"column":38}}],"line":125},"21":{"loc":{"start":{"line":126,"column":2},"end":{"line":128,"column":3}},"type":"if","locations":[{"start":{"line":126,"column":2},"end":{"line":128,"column":3}},{"start":{},"end":{}}],"line":126},"22":{"loc":{"start":{"line":132,"column":4},"end":{"line":134,"column":5}},"type":"if","locations":[{"start":{"line":132,"column":4},"end":{"line":134,"column":5}},{"start":{},"end":{}}],"line":132},"23":{"loc":{"start":{"line":139,"column":25},"end":{"line":139,"column":35}},"type":"default-arg","locations":[{"start":{"line":139,"column":33},"end":{"line":139,"column":35}}],"line":139},"24":{"loc":{"start":{"line":140,"column":2},"end":{"line":142,"column":3}},"type":"if","locations":[{"start":{"line":140,"column":2},"end":{"line":142,"column":3}},{"start":{},"end":{}}],"line":140},"25":{"loc":{"start":{"line":165,"column":4},"end":{"line":167,"column":5}},"type":"if","locations":[{"start":{"line":165,"column":4},"end":{"line":167,"column":5}},{"start":{},"end":{}}],"line":165},"26":{"loc":{"start":{"line":177,"column":4},"end":{"line":179,"column":5}},"type":"if","locations":[{"start":{"line":177,"column":4},"end":{"line":179,"column":5}},{"start":{},"end":{}}],"line":177},"27":{"loc":{"start":{"line":177,"column":8},"end":{"line":177,"column":68}},"type":"binary-expr","locations":[{"start":{"line":177,"column":8},"end":{"line":177,"column":26}},{"start":{"line":177,"column":30},"end":{"line":177,"column":68}}],"line":177},"28":{"loc":{"start":{"line":180,"column":4},"end":{"line":185,"column":5}},"type":"if","locations":[{"start":{"line":180,"column":4},"end":{"line":185,"column":5}},{"start":{},"end":{}}],"line":180},"29":{"loc":{"start":{"line":180,"column":29},"end":{"line":180,"column":52}},"type":"binary-expr","locations":[{"start":{"line":180,"column":29},"end":{"line":180,"column":46}},{"start":{"line":180,"column":50},"end":{"line":180,"column":52}}],"line":180},"30":{"loc":{"start":{"line":195,"column":4},"end":{"line":197,"column":5}},"type":"if","locations":[{"start":{"line":195,"column":4},"end":{"line":197,"column":5}},{"start":{},"end":{}}],"line":195},"31":{"loc":{"start":{"line":195,"column":8},"end":{"line":195,"column":61}},"type":"binary-expr","locations":[{"start":{"line":195,"column":8},"end":{"line":195,"column":19}},{"start":{"line":195,"column":23},"end":{"line":195,"column":61}}],"line":195},"32":{"loc":{"start":{"line":199,"column":4},"end":{"line":204,"column":5}},"type":"if","locations":[{"start":{"line":199,"column":4},"end":{"line":204,"column":5}},{"start":{},"end":{}}],"line":199},"33":{"loc":{"start":{"line":199,"column":38},"end":{"line":199,"column":58}},"type":"binary-expr","locations":[{"start":{"line":199,"column":38},"end":{"line":199,"column":52}},{"start":{"line":199,"column":56},"end":{"line":199,"column":58}}],"line":199},"34":{"loc":{"start":{"line":206,"column":35},"end":{"line":206,"column":51}},"type":"binary-expr","locations":[{"start":{"line":206,"column":35},"end":{"line":206,"column":45}},{"start":{"line":206,"column":49},"end":{"line":206,"column":51}}],"line":206},"35":{"loc":{"start":{"line":207,"column":4},"end":{"line":212,"column":5}},"type":"if","locations":[{"start":{"line":207,"column":4},"end":{"line":212,"column":5}},{"start":{},"end":{}}],"line":207},"36":{"loc":{"start":{"line":207,"column":8},"end":{"line":207,"column":72}},"type":"binary-expr","locations":[{"start":{"line":207,"column":8},"end":{"line":207,"column":27}},{"start":{"line":207,"column":31},"end":{"line":207,"column":72}}],"line":207},"37":{"loc":{"start":{"line":219,"column":4},"end":{"line":244,"column":5}},"type":"if","locations":[{"start":{"line":219,"column":4},"end":{"line":244,"column":5}},{"start":{"line":235,"column":11},"end":{"line":244,"column":5}}],"line":219},"38":{"loc":{"start":{"line":220,"column":6},"end":{"line":228,"column":7}},"type":"if","locations":[{"start":{"line":220,"column":6},"end":{"line":228,"column":7}},{"start":{},"end":{}}],"line":220},"39":{"loc":{"start":{"line":221,"column":8},"end":{"line":222,"column":59}},"type":"binary-expr","locations":[{"start":{"line":221,"column":8},"end":{"line":221,"column":37}},{"start":{"line":222,"column":8},"end":{"line":222,"column":59}}],"line":221},"40":{"loc":{"start":{"line":258,"column":12},"end":{"line":258,"column":32}},"type":"default-arg","locations":[{"start":{"line":258,"column":27},"end":{"line":258,"column":32}}],"line":258},"41":{"loc":{"start":{"line":258,"column":49},"end":{"line":258,"column":63}},"type":"binary-expr","locations":[{"start":{"line":258,"column":49},"end":{"line":258,"column":57}},{"start":{"line":258,"column":61},"end":{"line":258,"column":63}}],"line":258},"42":{"loc":{"start":{"line":260,"column":4},"end":{"line":265,"column":5}},"type":"if","locations":[{"start":{"line":260,"column":4},"end":{"line":265,"column":5}},{"start":{},"end":{}}],"line":260},"43":{"loc":{"start":{"line":260,"column":38},"end":{"line":260,"column":58}},"type":"binary-expr","locations":[{"start":{"line":260,"column":38},"end":{"line":260,"column":52}},{"start":{"line":260,"column":56},"end":{"line":260,"column":58}}],"line":260},"44":{"loc":{"start":{"line":269,"column":4},"end":{"line":274,"column":5}},"type":"if","locations":[{"start":{"line":269,"column":4},"end":{"line":274,"column":5}},{"start":{},"end":{}}],"line":269},"45":{"loc":{"start":{"line":276,"column":4},"end":{"line":284,"column":5}},"type":"if","locations":[{"start":{"line":276,"column":4},"end":{"line":284,"column":5}},{"start":{},"end":{}}],"line":276},"46":{"loc":{"start":{"line":277,"column":6},"end":{"line":278,"column":57}},"type":"binary-expr","locations":[{"start":{"line":277,"column":6},"end":{"line":277,"column":35}},{"start":{"line":278,"column":6},"end":{"line":278,"column":57}}],"line":277},"47":{"loc":{"start":{"line":286,"column":4},"end":{"line":294,"column":5}},"type":"if","locations":[{"start":{"line":286,"column":4},"end":{"line":294,"column":5}},{"start":{},"end":{}}],"line":286},"48":{"loc":{"start":{"line":287,"column":6},"end":{"line":288,"column":59}},"type":"binary-expr","locations":[{"start":{"line":287,"column":6},"end":{"line":287,"column":36}},{"start":{"line":288,"column":6},"end":{"line":288,"column":59}}],"line":287},"49":{"loc":{"start":{"line":296,"column":4},"end":{"line":313,"column":5}},"type":"if","locations":[{"start":{"line":296,"column":4},"end":{"line":313,"column":5}},{"start":{"line":308,"column":11},"end":{"line":313,"column":5}}],"line":296},"50":{"loc":{"start":{"line":320,"column":4},"end":{"line":325,"column":5}},"type":"if","locations":[{"start":{"line":320,"column":4},"end":{"line":325,"column":5}},{"start":{},"end":{}}],"line":320},"51":{"loc":{"start":{"line":327,"column":37},"end":{"line":327,"column":75}},"type":"binary-expr","locations":[{"start":{"line":327,"column":37},"end":{"line":327,"column":53}},{"start":{"line":327,"column":57},"end":{"line":327,"column":75}}],"line":327},"52":{"loc":{"start":{"line":364,"column":4},"end":{"line":369,"column":5}},"type":"if","locations":[{"start":{"line":364,"column":4},"end":{"line":369,"column":5}},{"start":{},"end":{}}],"line":364},"53":{"loc":{"start":{"line":364,"column":38},"end":{"line":364,"column":58}},"type":"binary-expr","locations":[{"start":{"line":364,"column":38},"end":{"line":364,"column":52}},{"start":{"line":364,"column":56},"end":{"line":364,"column":58}}],"line":364},"54":{"loc":{"start":{"line":373,"column":4},"end":{"line":378,"column":5}},"type":"if","locations":[{"start":{"line":373,"column":4},"end":{"line":378,"column":5}},{"start":{},"end":{}}],"line":373},"55":{"loc":{"start":{"line":380,"column":4},"end":{"line":388,"column":5}},"type":"if","locations":[{"start":{"line":380,"column":4},"end":{"line":388,"column":5}},{"start":{},"end":{}}],"line":380},"56":{"loc":{"start":{"line":381,"column":6},"end":{"line":382,"column":57}},"type":"binary-expr","locations":[{"start":{"line":381,"column":6},"end":{"line":381,"column":35}},{"start":{"line":382,"column":6},"end":{"line":382,"column":57}}],"line":381},"57":{"loc":{"start":{"line":404,"column":4},"end":{"line":409,"column":5}},"type":"if","locations":[{"start":{"line":404,"column":4},"end":{"line":409,"column":5}},{"start":{},"end":{}}],"line":404},"58":{"loc":{"start":{"line":415,"column":21},"end":{"line":415,"column":50}},"type":"binary-expr","locations":[{"start":{"line":415,"column":21},"end":{"line":415,"column":44}},{"start":{"line":415,"column":48},"end":{"line":415,"column":50}}],"line":415},"59":{"loc":{"start":{"line":435,"column":6},"end":{"line":435,"column":28}},"type":"default-arg","locations":[{"start":{"line":435,"column":23},"end":{"line":435,"column":28}}],"line":435},"60":{"loc":{"start":{"line":436,"column":8},"end":{"line":436,"column":22}},"type":"binary-expr","locations":[{"start":{"line":436,"column":8},"end":{"line":436,"column":16}},{"start":{"line":436,"column":20},"end":{"line":436,"column":22}}],"line":436},"61":{"loc":{"start":{"line":438,"column":4},"end":{"line":443,"column":5}},"type":"if","locations":[{"start":{"line":438,"column":4},"end":{"line":443,"column":5}},{"start":{},"end":{}}],"line":438},"62":{"loc":{"start":{"line":438,"column":38},"end":{"line":438,"column":58}},"type":"binary-expr","locations":[{"start":{"line":438,"column":38},"end":{"line":438,"column":52}},{"start":{"line":438,"column":56},"end":{"line":438,"column":58}}],"line":438},"63":{"loc":{"start":{"line":445,"column":4},"end":{"line":450,"column":5}},"type":"if","locations":[{"start":{"line":445,"column":4},"end":{"line":450,"column":5}},{"start":{},"end":{}}],"line":445},"64":{"loc":{"start":{"line":445,"column":40},"end":{"line":445,"column":62}},"type":"binary-expr","locations":[{"start":{"line":445,"column":40},"end":{"line":445,"column":56}},{"start":{"line":445,"column":60},"end":{"line":445,"column":62}}],"line":445},"65":{"loc":{"start":{"line":456,"column":4},"end":{"line":458,"column":5}},"type":"if","locations":[{"start":{"line":456,"column":4},"end":{"line":458,"column":5}},{"start":{},"end":{}}],"line":456},"66":{"loc":{"start":{"line":459,"column":4},"end":{"line":467,"column":5}},"type":"if","locations":[{"start":{"line":459,"column":4},"end":{"line":467,"column":5}},{"start":{},"end":{}}],"line":459},"67":{"loc":{"start":{"line":460,"column":6},"end":{"line":465,"column":7}},"type":"if","locations":[{"start":{"line":460,"column":6},"end":{"line":465,"column":7}},{"start":{},"end":{}}],"line":460},"68":{"loc":{"start":{"line":460,"column":10},"end":{"line":460,"column":81}},"type":"binary-expr","locations":[{"start":{"line":460,"column":10},"end":{"line":460,"column":51}},{"start":{"line":460,"column":55},"end":{"line":460,"column":81}}],"line":460},"69":{"loc":{"start":{"line":468,"column":4},"end":{"line":476,"column":5}},"type":"if","locations":[{"start":{"line":468,"column":4},"end":{"line":476,"column":5}},{"start":{},"end":{}}],"line":468},"70":{"loc":{"start":{"line":469,"column":6},"end":{"line":474,"column":7}},"type":"if","locations":[{"start":{"line":469,"column":6},"end":{"line":474,"column":7}},{"start":{},"end":{}}],"line":469},"71":{"loc":{"start":{"line":469,"column":10},"end":{"line":469,"column":81}},"type":"binary-expr","locations":[{"start":{"line":469,"column":10},"end":{"line":469,"column":51}},{"start":{"line":469,"column":55},"end":{"line":469,"column":81}}],"line":469},"72":{"loc":{"start":{"line":477,"column":4},"end":{"line":479,"column":5}},"type":"if","locations":[{"start":{"line":477,"column":4},"end":{"line":479,"column":5}},{"start":{},"end":{}}],"line":477},"73":{"loc":{"start":{"line":477,"column":8},"end":{"line":477,"column":54}},"type":"binary-expr","locations":[{"start":{"line":477,"column":8},"end":{"line":477,"column":19}},{"start":{"line":477,"column":23},"end":{"line":477,"column":54}}],"line":477},"74":{"loc":{"start":{"line":480,"column":4},"end":{"line":485,"column":5}},"type":"if","locations":[{"start":{"line":480,"column":4},"end":{"line":485,"column":5}},{"start":{},"end":{}}],"line":480},"75":{"loc":{"start":{"line":502,"column":4},"end":{"line":507,"column":5}},"type":"if","locations":[{"start":{"line":502,"column":4},"end":{"line":507,"column":5}},{"start":{},"end":{}}],"line":502}},"s":{"0":2,"1":2,"2":2,"3":2,"4":2,"5":2,"6":0,"7":2,"8":2,"9":2,"10":2,"11":2,"12":2,"13":2,"14":0,"15":0,"16":2,"17":10,"18":2,"19":2,"20":0,"21":2,"22":2,"23":2,"24":14,"25":12,"26":2,"27":2,"28":0,"29":0,"30":0,"31":0,"32":0,"33":0,"34":0,"35":0,"36":0,"37":2,"38":2,"39":0,"40":0,"41":0,"42":0,"43":0,"44":0,"45":0,"46":2,"47":2,"48":0,"49":0,"50":0,"51":0,"52":0,"53":0,"54":0,"55":2,"56":2,"57":2,"58":0,"59":2,"60":2,"61":6,"62":2,"63":6,"64":2,"65":2,"66":0,"67":2,"68":2,"69":34,"70":0,"71":34,"72":2,"73":3,"74":3,"75":3,"76":0,"77":3,"78":0,"79":3,"80":3,"81":0,"82":3,"83":0,"84":3,"85":3,"86":0,"87":3,"88":2,"89":2,"90":2,"91":2,"92":1,"93":0,"94":1,"95":1,"96":1,"97":1,"98":1,"99":1,"100":1,"101":2,"102":1,"103":2,"104":0,"105":0,"106":0,"107":0,"108":0,"109":0,"110":0,"111":0,"112":0,"113":0,"114":0,"115":0,"116":0,"117":0,"118":0,"119":0,"120":0,"121":0,"122":0,"123":0,"124":0,"125":0,"126":0,"127":0,"128":0,"129":2,"130":0,"131":0,"132":0,"133":0,"134":0,"135":0,"136":0,"137":0,"138":0,"139":0,"140":0,"141":0,"142":0,"143":0,"144":0,"145":2,"146":0,"147":0,"148":0,"149":0,"150":0,"151":0,"152":0,"153":0,"154":0,"155":0,"156":0,"157":0,"158":0,"159":0,"160":0,"161":0,"162":0,"163":0,"164":0,"165":0,"166":0,"167":0,"168":0,"169":0,"170":0,"171":0,"172":0,"173":0,"174":0,"175":0,"176":2},"f":{"0":0,"1":0,"2":10,"3":2,"4":2,"5":6,"6":2,"7":34,"8":3,"9":0,"10":0,"11":0},"b":{"0":[0],"1":[0,0],"2":[0,0],"3":[0,0],"4":[0,0],"5":[10,6,6],"6":[0],"7":[0,2],"8":[12,2],"9":[0,2],"10":[0,0],"11":[0,0],"12":[0,0],"13":[0,0],"14":[0,2],"15":[0,0],"16":[0,0],"17":[0,2],"18":[0,0],"19":[0,0,0,0],"20":[0],"21":[0,2],"22":[2,4],"23":[2],"24":[0,2],"25":[0,34],"26":[0,3],"27":[3,0],"28":[0,3],"29":[3,0],"30":[0,3],"31":[3,0],"32":[0,3],"33":[3,0],"34":[3,0],"35":[0,3],"36":[3,3],"37":[1,1],"38":[0,1],"39":[1,0],"40":[0],"41":[0,0],"42":[0,0],"43":[0,0],"44":[0,0],"45":[0,0],"46":[0,0],"47":[0,0],"48":[0,0],"49":[0,0],"50":[0,0],"51":[0,0],"52":[0,0],"53":[0,0],"54":[0,0],"55":[0,0],"56":[0,0],"57":[0,0],"58":[0,0],"59":[0],"60":[0,0],"61":[0,0],"62":[0,0],"63":[0,0],"64":[0,0],"65":[0,0],"66":[0,0],"67":[0,0],"68":[0,0],"69":[0,0],"70":[0,0],"71":[0,0],"72":[0,0],"73":[0,0],"74":[0,0],"75":[0,0]},"_coverageSchema":"1a1c01bbd47fc00a2c39e90264f33305004495a9","hash":"e60ae660420361560dc36de897f31a1eb48c395b"}
,"C:\\Users\\ahwag\\OneDrive\\Pictures\\Desktop\\data-collection-main\\backend\\src\\routes\\sentenceAttempts.js": {"path":"C:\\Users\\ahwag\\OneDrive\\Pictures\\Desktop\\data-collection-main\\backend\\src\\routes\\sentenceAttempts.js","statementMap":{"0":{"start":{"line":1,"column":16},"end":{"line":1,"column":34}},"1":{"start":{"line":2,"column":15},"end":{"line":2,"column":31}},"2":{"start":{"line":4,"column":24},"end":{"line":4,"column":60}},"3":{"start":{"line":5,"column":20},"end":{"line":5,"column":52}},"4":{"start":{"line":6,"column":21},"end":{"line":6,"column":54}},"5":{"start":{"line":7,"column":18},"end":{"line":7,"column":48}},"6":{"start":{"line":8,"column":20},"end":{"line":8,"column":52}},"7":{"start":{"line":9,"column":27},"end":{"line":9,"column":66}},"8":{"start":{"line":10,"column":40},"end":{"line":10,"column":78}},"9":{"start":{"line":12,"column":29},"end":{"line":12,"column":53}},"10":{"start":{"line":13,"column":25},"end":{"line":13,"column":49}},"11":{"start":{"line":14,"column":22},"end":{"line":14,"column":62}},"12":{"start":{"line":15,"column":25},"end":{"line":21,"column":2}},"13":{"start":{"line":22,"column":20},"end":{"line":22,"column":39}},"14":{"start":{"line":23,"column":27},"end":{"line":23,"column":67}},"15":{"start":{"line":25,"column":25},"end":{"line":28,"column":1}},"16":{"start":{"line":26,"column":17},"end":{"line":26,"column":30}},"17":{"start":{"line":27,"column":2},"end":{"line":27,"column":79}},"18":{"start":{"line":30,"column":35},"end":{"line":33,"column":1}},"19":{"start":{"line":34,"column":38},"end":{"line":37,"column":1}},"20":{"start":{"line":38,"column":42},"end":{"line":41,"column":1}},"21":{"start":{"line":42,"column":37},"end":{"line":45,"column":1}},"22":{"start":{"line":46,"column":33},"end":{"line":49,"column":1}},"23":{"start":{"line":51,"column":23},"end":{"line":51,"column":70}},"24":{"start":{"line":51,"column":39},"end":{"line":51,"column":70}},"25":{"start":{"line":53,"column":17},"end":{"line":54,"column":70}},"26":{"start":{"line":54,"column":2},"end":{"line":54,"column":70}},"27":{"start":{"line":56,"column":26},"end":{"line":67,"column":1}},"28":{"start":{"line":57,"column":2},"end":{"line":59,"column":3}},"29":{"start":{"line":58,"column":4},"end":{"line":58,"column":17}},"30":{"start":{"line":61,"column":20},"end":{"line":61,"column":61}},"31":{"start":{"line":62,"column":2},"end":{"line":64,"column":3}},"32":{"start":{"line":63,"column":4},"end":{"line":63,"column":16}},"33":{"start":{"line":66,"column":2},"end":{"line":66,"column":43}},"34":{"start":{"line":69,"column":27},"end":{"line":111,"column":1}},"35":{"start":{"line":70,"column":2},"end":{"line":72,"column":3}},"36":{"start":{"line":71,"column":4},"end":{"line":71,"column":14}},"37":{"start":{"line":74,"column":17},"end":{"line":74,"column":19}},"38":{"start":{"line":75,"column":30},"end":{"line":82,"column":3}},"39":{"start":{"line":84,"column":2},"end":{"line":89,"column":3}},"40":{"start":{"line":85,"column":4},"end":{"line":87,"column":5}},"41":{"start":{"line":86,"column":6},"end":{"line":86,"column":15}},"42":{"start":{"line":88,"column":4},"end":{"line":88,"column":29}},"43":{"start":{"line":91,"column":30},"end":{"line":91,"column":66}},"44":{"start":{"line":92,"column":2},"end":{"line":108,"column":3}},"45":{"start":{"line":93,"column":23},"end":{"line":93,"column":25}},"46":{"start":{"line":94,"column":4},"end":{"line":106,"column":5}},"47":{"start":{"line":95,"column":33},"end":{"line":95,"column":67}},"48":{"start":{"line":96,"column":6},"end":{"line":98,"column":7}},"49":{"start":{"line":97,"column":8},"end":{"line":97,"column":17}},"50":{"start":{"line":99,"column":6},"end":{"line":105,"column":7}},"51":{"start":{"line":104,"column":8},"end":{"line":104,"column":79}},"52":{"start":{"line":107,"column":4},"end":{"line":107,"column":55}},"53":{"start":{"line":110,"column":2},"end":{"line":110,"column":16}},"54":{"start":{"line":113,"column":31},"end":{"line":197,"column":1}},"55":{"start":{"line":114,"column":2},"end":{"line":116,"column":3}},"56":{"start":{"line":115,"column":4},"end":{"line":115,"column":32}},"57":{"start":{"line":118,"column":2},"end":{"line":120,"column":3}},"58":{"start":{"line":119,"column":4},"end":{"line":119,"column":36}},"59":{"start":{"line":122,"column":2},"end":{"line":124,"column":3}},"60":{"start":{"line":123,"column":4},"end":{"line":123,"column":38}},"61":{"start":{"line":126,"column":2},"end":{"line":128,"column":3}},"62":{"start":{"line":127,"column":4},"end":{"line":127,"column":34}},"63":{"start":{"line":130,"column":2},"end":{"line":132,"column":3}},"64":{"start":{"line":131,"column":4},"end":{"line":131,"column":37}},"65":{"start":{"line":134,"column":2},"end":{"line":136,"column":3}},"66":{"start":{"line":135,"column":4},"end":{"line":135,"column":33}},"67":{"start":{"line":138,"column":25},"end":{"line":138,"column":59}},"68":{"start":{"line":139,"column":20},"end":{"line":139,"column":49}},"69":{"start":{"line":140,"column":2},"end":{"line":142,"column":3}},"70":{"start":{"line":141,"column":4},"end":{"line":141,"column":52}},"71":{"start":{"line":143,"column":2},"end":{"line":145,"column":3}},"72":{"start":{"line":144,"column":4},"end":{"line":144,"column":47}},"73":{"start":{"line":147,"column":2},"end":{"line":149,"column":3}},"74":{"start":{"line":148,"column":4},"end":{"line":148,"column":41}},"75":{"start":{"line":150,"column":2},"end":{"line":152,"column":3}},"76":{"start":{"line":151,"column":4},"end":{"line":151,"column":44}},"77":{"start":{"line":153,"column":2},"end":{"line":155,"column":3}},"78":{"start":{"line":154,"column":4},"end":{"line":154,"column":50}},"79":{"start":{"line":156,"column":2},"end":{"line":158,"column":3}},"80":{"start":{"line":157,"column":4},"end":{"line":157,"column":43}},"81":{"start":{"line":160,"column":21},"end":{"line":160,"column":80}},"82":{"start":{"line":161,"column":23},"end":{"line":161,"column":88}},"83":{"start":{"line":162,"column":27},"end":{"line":164,"column":8}},"84":{"start":{"line":165,"column":22},"end":{"line":165,"column":85}},"85":{"start":{"line":167,"column":2},"end":{"line":169,"column":3}},"86":{"start":{"line":168,"column":4},"end":{"line":168,"column":69}},"87":{"start":{"line":170,"column":2},"end":{"line":172,"column":3}},"88":{"start":{"line":171,"column":4},"end":{"line":171,"column":75}},"89":{"start":{"line":173,"column":2},"end":{"line":175,"column":3}},"90":{"start":{"line":174,"column":4},"end":{"line":174,"column":85}},"91":{"start":{"line":176,"column":2},"end":{"line":178,"column":3}},"92":{"start":{"line":177,"column":4},"end":{"line":177,"column":73}},"93":{"start":{"line":180,"column":2},"end":{"line":184,"column":3}},"94":{"start":{"line":181,"column":4},"end":{"line":183,"column":5}},"95":{"start":{"line":182,"column":6},"end":{"line":182,"column":51}},"96":{"start":{"line":185,"column":2},"end":{"line":189,"column":3}},"97":{"start":{"line":186,"column":4},"end":{"line":188,"column":5}},"98":{"start":{"line":187,"column":6},"end":{"line":187,"column":54}},"99":{"start":{"line":190,"column":2},"end":{"line":194,"column":3}},"100":{"start":{"line":191,"column":4},"end":{"line":193,"column":5}},"101":{"start":{"line":192,"column":6},"end":{"line":192,"column":60}},"102":{"start":{"line":196,"column":2},"end":{"line":196,"column":14}},"103":{"start":{"line":202,"column":0},"end":{"line":410,"column":3}},"104":{"start":{"line":203,"column":2},"end":{"line":409,"column":3}},"105":{"start":{"line":204,"column":30},"end":{"line":204,"column":44}},"106":{"start":{"line":205,"column":4},"end":{"line":210,"column":5}},"107":{"start":{"line":206,"column":6},"end":{"line":209,"column":9}},"108":{"start":{"line":212,"column":28},"end":{"line":212,"column":66}},"109":{"start":{"line":213,"column":4},"end":{"line":218,"column":5}},"110":{"start":{"line":214,"column":6},"end":{"line":217,"column":9}},"111":{"start":{"line":246,"column":8},"end":{"line":246,"column":16}},"112":{"start":{"line":248,"column":29},"end":{"line":248,"column":55}},"113":{"start":{"line":249,"column":4},"end":{"line":254,"column":5}},"114":{"start":{"line":250,"column":6},"end":{"line":253,"column":9}},"115":{"start":{"line":256,"column":35},"end":{"line":265,"column":6}},"116":{"start":{"line":267,"column":4},"end":{"line":272,"column":5}},"117":{"start":{"line":268,"column":6},"end":{"line":271,"column":9}},"118":{
[...]
ne":26,"column":69}}],"line":26},"2":{"loc":{"start":{"line":30,"column":27},"end":{"line":30,"column":37}},"type":"default-arg","locations":[{"start":{"line":30,"column":35},"end":{"line":30,"column":37}}],"line":30},"3":{"loc":{"start":{"line":31,"column":12},"end":{"line":31,"column":23}},"type":"binary-expr","locations":[{"start":{"line":31,"column":12},"end":{"line":31,"column":17}},{"start":{"line":31,"column":21},"end":{"line":31,"column":23}}],"line":31},"4":{"loc":{"start":{"line":36,"column":24},"end":{"line":36,"column":34}},"type":"default-arg","locations":[{"start":{"line":36,"column":32},"end":{"line":36,"column":34}}],"line":36},"5":{"loc":{"start":{"line":38,"column":2},"end":{"line":40,"column":3}},"type":"if","locations":[{"start":{"line":38,"column":2},"end":{"line":40,"column":3}},{"start":{},"end":{}}],"line":38},"6":{"loc":{"start":{"line":42,"column":2},"end":{"line":44,"column":3}},"type":"if","locations":[{"start":{"line":42,"column":2},"end":{"line":44,"column":3}},{"start":{},"end":{}}],"line":42},"7":{"loc":{"start":{"line":49,"column":33},"end":{"line":49,"column":43}},"type":"default-arg","locations":[{"start":{"line":49,"column":41},"end":{"line":49,"column":43}}],"line":49},"8":{"loc":{"start":{"line":51,"column":9},"end":{"line":51,"column":77}},"type":"binary-expr","locations":[{"start":{"line":51,"column":9},"end":{"line":51,"column":41}},{"start":{"line":51,"column":45},"end":{"line":51,"column":77}}],"line":51},"9":{"loc":{"start":{"line":54,"column":29},"end":{"line":54,"column":41}},"type":"default-arg","locations":[{"start":{"line":54,"column":39},"end":{"line":54,"column":41}}],"line":54},"10":{"loc":{"start":{"line":55,"column":12},"end":{"line":55,"column":25}},"type":"binary-expr","locations":[{"start":{"line":55,"column":12},"end":{"line":55,"column":19}},{"start":{"line":55,"column":23},"end":{"line":55,"column":25}}],"line":55},"11":{"loc":{"start":{"line":61,"column":32},"end":{"line":61,"column":44}},"type":"default-arg","locations":[{"start":{"line":61,"column":42},"end":{"line":61,"column":44}}],"line":61},"12":{"loc":{"start":{"line":65,"column":8},"end":{"line":68,"column":43}},"type":"binary-expr","locations":[{"start":{"line":65,"column":8},"end":{"line":65,"column":13}},{"start":{"line":66,"column":8},"end":{"line":66,"column":50}},{"start":{"line":67,"column":8},"end":{"line":67,"column":38}},{"start":{"line":68,"column":8},"end":{"line":68,"column":43}}],"line":65},"13":{"loc":{"start":{"line":83,"column":2},"end":{"line":85,"column":3}},"type":"if","locations":[{"start":{"line":83,"column":2},"end":{"line":85,"column":3}},{"start":{},"end":{}}],"line":83},"14":{"loc":{"start":{"line":92,"column":2},"end":{"line":94,"column":3}},"type":"if","locations":[{"start":{"line":92,"column":2},"end":{"line":94,"column":3}},{"start":{},"end":{}}],"line":92},"15":{"loc":{"start":{"line":105,"column":6},"end":{"line":107,"column":7}},"type":"if","locations":[{"start":{"line":105,"column":6},"end":{"line":107,"column":7}},{"start":{},"end":{}}],"line":105},"16":{"loc":{"start":{"line":113,"column":25},"end":{"line":113,"column":42}},"type":"binary-expr","locations":[{"start":{"line":113,"column":25},"end":{"line":113,"column":36}},{"start":{"line":113,"column":40},"end":{"line":113,"column":42}}],"line":113},"17":{"loc":{"start":{"line":114,"column":32},"end":{"line":114,"column":53}},"type":"binary-expr","locations":[{"start":{"line":114,"column":32},"end":{"line":114,"column":47}},{"start":{"line":114,"column":51},"end":{"line":114,"column":53}}],"line":114},"18":{"loc":{"start":{"line":116,"column":27},"end":{"line":116,"column":46}},"type":"binary-expr","locations":[{"start":{"line":116,"column":27},"end":{"line":116,"column":40}},{"start":{"line":116,"column":44},"end":{"line":116,"column":46}}],"line":116},"19":{"loc":{"start":{"line":117,"column":12},"end":{"line":119,"column":13}},"type":"if","locations":[{"start":{"line":117,"column":12},"end":{"line":119,"column":13}},{"start":{},"end":{}}],"line":117},"20":{"loc":{"start":{"line":127,"column":8},"end":{"line":129,"column":9}},"type":"if","locations":[{"start":{"line":127,"column":8},"end":{"line":129,"column":9}},{"start":{},"end":{}}],"line":127},"21":{"loc":{"start":{"line":132,"column":8},"end":{"line":134,"column":9}},"type":"if","locations":[{"start":{"line":132,"column":8},"end":{"line":134,"column":9}},{"start":{},"end":{}}],"line":132},"22":{"loc":{"start":{"line":152,"column":48},"end":{"line":152,"column":67}},"type":"default-arg","locations":[{"start":{"line":152,"column":63},"end":{"line":152,"column":67}}],"line":152},"23":{"loc":{"start":{"line":153,"column":2},"end":{"line":158,"column":3}},"type":"if","locations":[{"start":{"line":153,"column":2},"end":{"line":158,"column":3}},{"start":{},"end":{}}],"line":153},"24":{"loc":{"start":{"line":155,"column":4},"end":{"line":157,"column":5}},"type":"if","locations":[{"start":{"line":155,"column":4},"end":{"line":157,"column":5}},{"start":{},"end":{}}],"line":155},"25":{"loc":{"start":{"line":167,"column":6},"end":{"line":169,"column":7}},"type":"if","locations":[{"start":{"line":167,"column":6},"end":{"line":169,"column":7}},{"start":{},"end":{}}],"line":167},"26":{"loc":{"start":{"line":173,"column":6},"end":{"line":175,"column":7}},"type":"if","locations":[{"start":{"line":173,"column":6},"end":{"line":175,"column":7}},{"start":{},"end":{}}],"line":173},"27":{"loc":{"start":{"line":179,"column":26},"end":{"line":179,"column":65}},"type":"binary-expr","locations":[{"start":{"line":179,"column":26},"end":{"line":179,"column":50}},{"start":{"line":179,"column":54},"end":{"line":179,"column":65}}],"line":179},"28":{"loc":{"start":{"line":196,"column":33},"end":{"line":196,"column":53}},"type":"binary-expr","locations":[{"start":{"line":196,"column":33},"end":{"line":196,"column":47}},{"start":{"line":196,"column":51},"end":{"line":196,"column":53}}],"line":196},"29":{"loc":{"start":{"line":198,"column":4},"end":{"line":203,"column":5}},"type":"if","locations":[{"start":{"line":198,"column":4},"end":{"line":203,"column":5}},{"start":{},"end":{}}],"line":198},"30":{"loc":{"start":{"line":198,"column":8},"end":{"line":198,"column":57}},"type":"binary-expr","locations":[{"start":{"line":198,"column":8},"end":{"line":198,"column":23}},{"start":{"line":198,"column":27},"end":{"line":198,"column":44}},{"start":{"line":198,"column":48},"end":{"line":198,"column":57}}],"line":198},"31":{"loc":{"start":{"line":206,"column":4},"end":{"line":211,"column":5}},"type":"if","locations":[{"start":{"line":206,"column":4},"end":{"line":211,"column":5}},{"start":{},"end":{}}],"line":206},"32":{"loc":{"start":{"line":213,"column":4},"end":{"line":218,"column":5}},"type":"if","locations":[{"start":{"line":213,"column":4},"end":{"line":218,"column":5}},{"start":{},"end":{}}],"line":213},"33":{"loc":{"start":{"line":220,"column":4},"end":{"line":225,"column":5}},"type":"if","locations":[{"start":{"line":220,"column":4},"end":{"line":225,"column":5}},{"start":{},"end":{}}],"line":220},"34":{"loc":{"start":{"line":227,"column":4},"end":{"line":232,"column":5}},"type":"if","locations":[{"start":{"line":227,"column":4},"end":{"line":232,"column":5}},{"start":{},"end":{}}],"line":227},"35":{"loc":{"start":{"line":247,"column":4},"end":{"line":252,"column":5}},"type":"if","locations":[{"start":{"line":247,"column":4},"end":{"line":252,"column":5}},{"start":{},"end":{}}],"line":247},"36":{"loc":{"start":{"line":254,"column":30},"end":{"line":254,"column":74}},"type":"binary-expr","locations":[{"start":{"line":254,"column":30},"end":{"line":254,"column":68}},{"start":{"line":254,"column":72},"end":{"line":254,"column":74}}],"line":254},"37":{"loc":{"start":{"line":255,"column":25},"end":{"line":255,"column":46}},"type":"binary-expr","locations":[{"start":{"line":255,"column":25},"end":{"line":255,"column":40}},{"start":{"line":255,"column":44},"end":{"line":255,"column":46}}],"line":255},"38":{"loc":{"start":{"line":258,"column":4},"end":{"line":263,"column":5}},"type":"if","locations":[{"start":{"line":258,"column":4},"end":{"line":263,"column":5}},{"start":{},"end":{}}],"line":258},"39":{"loc":{"start":{"line":258,"column":8},"end":{"line":258,"column":85}},"type":"binary-expr","locations":[{"start":{"line":258,"column":8},"end":{"line":258,"column":35}},{"start":{"line":258,"column":39},"end":{"line":258,"column":85}}],"line":258},"40":{"loc":{"start":{"line":270,"column":4},"end":{"line":272,"column":5}},"type":"if","locations":[{"start":{"line":270,"column":4},"end":{"line":272,"column":5}},{"start":{},"end":{}}],"line":270},"41":{"loc":{"start":{"line":274,"column":4},"end":{"line":279,"column":5}},"type":"if","locations":[{"start":{"line":274,"column":4},"end":{"line":279,"column":5}},{"start":{},"end":{}}],"line":274},"42":{"loc":{"start":{"line":290,"column":4},"end":{"line":302,"column":5}},"type":"if","locations":[{"start":{"line":290,"column":4},"end":{"line":302,"column":5}},{"start":{},"end":{}}],"line":290},"43":{"loc":{"start":{"line":307,"column":4},"end":{"line":309,"column":5}},"type":"if","locations":[{"start":{"line":307,"column":4},"end":{"line":309,"column":5}},{"start":{},"end":{}}],"line":307},"44":{"loc":{"start":{"line":332,"column":33},"end":{"line":332,"column":53}},"type":"binary-expr","locations":[{"start":{"line":332,"column":33},"end":{"line":332,"column":47}},{"start":{"line":332,"column":51},"end":{"line":332,"column":53}}],"line":332},"45":{"loc":{"start":{"line":335,"column":4},"end":{"line":340,"column":5}},"type":"if","locations":[{"start":{"line":335,"column":4},"end":{"line":340,"column":5}},{"start":{},"end":{}}],"line":335},"46":{"loc":{"start":{"line":335,"column":8},"end":{"line":335,"column":57}},"type":"binary-expr","locations":[{"start":{"line":335,"column":8},"end":{"line":335,"column":23}},{"start":{"line":335,"column":27},"end":{"line":335,"column":44}},{"start":{"line":335,"column":48},"end":{"line":335,"column":57}}],"line":335},"47":{"loc":{"start":{"line":343,"column":4},"end":{"line":348,"column":5}},"type":"if","locations":[{"start":{"line":343,"column":4},"end":{"line":348,"column":5}},{"start":{},"end":{}}],"line":343},"48":{"loc":{"start":{"line":350,"column":4},"end":{"line":355,"column":5}},"type":"if","locations":[{"start":{"line":350,"column":4},"end":{"line":355,"column":5}},{"start":{},"end":{}}],"line":350},"49":{"loc":{"start":{"line":357,"column":4},"end":{"line":362,"column":5}},"type":"if","locations":[{"start":{"line":357,"column":4},"end":{"line":362,"column":5}},{"start":{},"end":{}}],"line":357},"50":{"loc":{"start":{"line":364,"column":4},"end":{"line":369,"column":5}},"type":"if","locations":[{"start":{"line":364,"column":4},"end":{"line":369,"column":5}},{"start":{},"end":{}}],"line":364},"51":{"loc":{"start":{"line":384,"column":4},"end":{"line":389,"column":5}},"type":"if","locations":[{"start":{"line":384,"column":4},"end":{"line":389,"column":5}},{"start":{},"end":{}}],"line":384},"52":{"loc":{"start":{"line":391,"column":30},"end":{"line":391,"column":74}},"type":"binary-expr","locations":[{"start":{"line":391,"column":30},"end":{"line":391,"column":68}},{"start":{"line":391,"column":72},"end":{"line":391,"column":74}}],"line":391},"53":{"loc":{"start":{"line":392,"column":25},"end":{"line":392,"column":46}},"type":"binary-expr","locations":[{"start":{"line":392,"column":25},"end":{"line":392,"column":40}},{"start":{"line":392,"column":44},"end":{"line":392,"column":46}}],"line":392},"54":{"loc":{"start":{"line":395,"column":4},"end":{"line":400,"column":5}},"type":"if","locations":[{"start":{"line":395,"column":4},"end":{"line":400,"column":5}},{"start":{},"end":{}}],"line":395},"55":{"loc":{"start":{"line":395,"column":8},"end":{"line":395,"column":85}},"type":"binary-expr","locations":[{"start":{"line":395,"column":8},"end":{"line":395,"column":35}},{"start":{"line":395,"column":39},"end":{"line":395,"column":85}}],"line":395},"56":{"loc":{"start":{"line":407,"column":4},"end":{"line":409,"column":5}},"type":"if","locations":[{"start":{"line":407,"column":4},"end":{"line":409,"column":5}},{"start":{},"end":{}}],"line":407},"57":{"loc":{"start":{"line":411,"column":4},"end":{"line":416,"column":5}},"type":"if","locations":[{"start":{"line":411,"column":4},"end":{"line":416,"column":5}},{"start":{},"end":{}}],"line":411},"58":{"loc":{"start":{"line":427,"column":4},"end":{"line":439,"column":5}},"type":"if","locations":[{"start":{"line":427,"column":4},"end":{"line":439,"column":5}},{"start":{},"end":{}}],"line":427},"59":{"loc":{"start":{"line":443,"column":4},"end":{"line":445,"column":5}},"type":"if","locations":[{"start":{"line":443,"column":4},"end":{"line":445,"column":5}},{"start":{},"end":{}}],"line":443},"60":{"loc":{"start":{"line":451,"column":11},"end":{"line":451,"column":57}},"type":"binary-expr","locations":[{"start":{"line":451,"column":11},"end":{"line":451,"column":38}},{"start":{"line":451,"column":42},"end":{"line":451,"column":57}}],"line":451},"61":{"loc":{"start":{"line":478,"column":4},"end":{"line":483,"column":5}},"type":"if","locations":[{"start":{"line":478,"column":4},"end":{"line":483,"column":5}},{"start":{},"end":{}}],"line":478},"62":{"loc":{"start":{"line":490,"column":4},"end":{"line":492,"column":5}},"type":"if","locations":[{"start":{"line":490,"column":4},"end":{"line":492,"column":5}},{"start":{},"end":{}}],"line":490}},"s":{"0":1,"1":1,"2":1,"3":1,"4":1,"5":1,"6":1,"7":1,"8":1,"9":1,"10":1,"11":1,"12":1,"13":1,"14":1,"15":1,"16":1,"17":0,"18":0,"19":0,"20":0,"21":0,"22":0,"23":0,"24":0,"25":0,"26":0,"27":0,"28":0,"29":0,"30":0,"31":0,"32":0,"33":0,"34":0,"35":0,"36":0,"37":0,"38":0,"39":0,"40":0,"41":0,"42":0,"43":0,"44":0,"45":0,"46":0,"47":0,"48":0,"49":0,"50":0,"51":0,"52":0,"53":0,"54":0,"55":0,"56":0,"57":0,"58":0,"59":0,"60":0,"61":0,"62":0,"63":0,"64":0,"65":0,"66":0,"67":0,"68":0,"69":0,"70":0,"71":0,"72":0,"73":0,"74":0,"75":0,"76":0,"77":0,"78":0,"79":0,"80":0,"81":0,"82":0,"83":0,"84":0,"85":0,"86":1,"87":0,"88":0,"89":0,"90":0,"91":0,"92":0,"93":0,"94":0,"95":0,"96":0,"97":0,"98":0,"99":0,"100":0,"101":0,"102":0,"103":0,"104":0,"105":0,"106":0,"107":0,"108":0,"109":0,"110":0,"111":0,"112":0,"113":0,"114":0,"115":0,"116":0,"117":0,"118":0,"119":0,"120":0,"121":0,"122":0,"123":0,"124":0,"125":0,"126":0,"127":0,"128":0,"129":0,"130":1,"131":0,"132":0,"133":0,"134":0,"135":0,"136":0,"137":0,"138":0,"139":0,"140":0,"141":0,"142":0,"143":0,"144":0,"145":0,"146":0,"147":0,"148":0,"149":0,"150":0,"151":0,"152":0,"153":0,"154":0,"155":0,"156":0,"157":0,"158":0,"159":0,"160":0,"161":0,"162":0,"163":0,"164":0,"165":0,"166":0,"167":0,"168":0,"169":0,"170":0,"171":0,"172":0,"173":0,"174":0,"175":0,"176":0,"177":0,"178":0,"179":0,"180":0,"181":1,"182":0,"183":0,"184":0,"185":0,"186":0,"187":0,"188":0,"189":0,"190":0,"191":0,"192":0,"193":1},"f":{"0":0,"1":0,"2":0,"3":0,"4":0,"5":0,"6":0,"7":0,"8":0,"9":0,"10":0,"11":0,"12":0,"13":0,"14":0,"15":0,"16":0,"17":0,"18":0,"19":0,"20":0,"21":0,"22":0,"23":0,"24":0,"25":0},"b":{"0":[1,0],"1":[1,1],"2":[0],"3":[0,0],"4":[0],"5":[0,0],"6":[0,0],"7":[0],"8":[0,0],"9":[0],"10":[0,0],"11":[0],"12":[0,0,0,0],"13":[0,0],"14":[0,0],"15":[0,0],"16":[0,0],"17":[0,0],"18":[0,0],"19":[0,0],"20":[0,0],"21":[0,0],"22":[0],"23":[0,0],"24":[0,0],"25":[0,0],"26":[0,0],"27":[0,0],"28":[0,0],"29":[0,0],"30":[0,0,0],"31":[0,0],"32":[0,0],"33":[0,0],"34":[0,0],"35":[0,0],"36":[0,0],"37":[0,0],"38":[0,0],"39":[0,0],"40":[0,0],"41":[0,0],"42":[0,0],"43":[0,0],"44":[0,0],"45":[0,0],"46":[0,0,0],"47":[0,0],"48":[0,0],"49":[0,0],"50":[0,0],"51":[0,0],"52":[0,0],"53":[0,0],"54":[0,0],"55":[0,0],"56":[0,0],"57":[0,0],"58":[0,0],"59":[0,0],"60":[0,0],"61":[0,0],"62":[0,0]},"_coverageSchema":"1a1c01bbd47fc00a2c39e90264f33305004495a9","hash":"16e1ea29cd0988c60c51e397036bf592066669d2"}
,"C:\\Users\\ahwag\\OneDrive\\Pictures\\Desktop\\data-collection-main\\backend\\src\\routes\\studyLinks.js": {"path":"C:\\Users\\ahwag\\OneDrive\\Pictures\\Desktop\\data-collection-main\\backend\\src\\routes\\studyLinks.js","statementMap":{"0":{"start":{"line":1,"column":16},"end":{"line":1,"column":34}},"1":{"start":{"line":3,"column":18},"end":{"line":3,"column":48}},"2":{"start":{"line":5,"column":15},"end":{"line":5,"column":31}},"3":{"start":{"line":7,"column":23},"end":{"line":7,"column":65}},"4":{"start":{"line":7,"column":39},"end":{"line":7,"column":65}},"5":{"start":{"line":9,"column":29},"end":{"line":28,"column":2}},"6":{"start":{"line":9,"column":45},"end":{"line":28,"column":1}},"7":{"start":{"line":30,"column":0},"end":{"line":59,"column":3}},"8":{"start":{"line":31,"column":2},"end":{"line":58,"column":3}},"9":{"start":{"line":32,"column":18},"end":{"line":32,"column":50}},"10":{"start":{"line":34,"column":4},"end":{"line":39,"column":5}},"11":{"start":{"line":35,"column":6},"end":{"line":38,"column":9}},"12":{"start":{"line":41,"column":22},"end":{"line":41,"column":77}},"13":{"start":{"line":42,"column":4},"end":{"line":47,"column":5}},"14":{"start":{"line":43,"column":6},"end":{"line":46,"column":9}},"15":{"start":{"line":49,"column":4},"end":{"line":52,"column":7}},"16":{"start":{"line":54,"column":4},"end":{"line":57,"column":7}},"17":{"start":{"line":61,"column":0},"end":{"line":61,"column":24}}},"fnMap":{"0":{"name":"(anonymous_0)","decl":{"start":{"line":7,"column":23},"end":{"line":7,"column":24}},"loc":{"start":{"line":7,"column":39},"end":{"line":7,"column":65}},"line":7},"1":{"name":"(anonymous_1)","decl":{"start":{"line":9,"column":29},"end":{"line":9,"column":30}},"loc":{"start":{"line":9,"column":45},"end":{"line":28,"column":1}},"line":9},"2":{"name":"(anonymous_2)","decl":{"start":{"line":30,"column":22},"end":{"line":30,"column":23}},"loc":{"start":{"line":30,"column":42},"end":{"line":59,"column":1}},"line":30}},"branchMap":{"0":{"loc":{"start":{"line":7,"column":24},"end":{"line":7,"column":34}},"type":"default-arg","locations":[{"start":{"line":7,"column":32},"end":{"line":7,"column":34}}],"line":7},"1":{"loc":{"start":{"line":13,"column":19},"end":{"line":13,"column":61}},"type":"binary-expr","locations":[{"start":{"line":13,"column":19},"end":{"line":13,"column":50}},{"start":{"line":13,"column":54},"end":{"line":13,"column":61}}],"line":13},"2":{"loc":{"start":{"line":15,"column":6},"end":{"line":18,"column":85}},"type":"cond-expr","locations":[{"start":{"line":17,"column":10},"end":{"line":17,"column":40}},{"start":{"line":18,"column":10},"end":{"line":18,"column":85}}],"line":15},"3":{"loc":{"start":{"line":15,"column":6},"end":{"line":16,"column":47}},"type":"binary-expr","locations":[{"start":{"line":15,"column":6},"end":{"line":15,"column":52}},{"start":{"line":16,"column":6},"end":{"line":16,"column":47}}],"line":15},"4":{"loc":{"start":{"line":18,"column":23},"end":{"line":18,"column":65}},"type":"binary-expr","locations":[{"start":{"line":18,"column":23},"end":{"line":18,"column":54}},{"start":{"line":18,"column":58},"end":{"line":18,"column":65}}],"line":18},"5":{"loc":{"start":{"line":20,"column":27},"end":{"line":20,"column":64}},"type":"binary-expr","locations":[{"start":{"line":20,"column":27},"end":{"line":20,"column":59}},{"start":{"line":20,"column":63},"end":{"line":20,"column":64}}],"line":20},"6":{"loc":{"start":{"line":34,"column":4},"end":{"line":39,"column":5}},"type":"if","locations":[{"start":{"line":34,"column":4},"end":{"line":39,"column":5}},{"start":{},"end":{}}],"line":34},"7":{"loc":{"start":{"line":42,"column":4},"end":{"line":47,"column":5}},"type":"if","locations":[{"start":{"line":42,"column":4},"end":{"line":47,"column":5}},{"start":{},"end":{}}],"line":42}},"s":{"0":2,"1":2,"2":2,"3":2,"4":2,"5":2,"6":1,"7":2,"8":2,"9":2,"10":2,"11":0,"12":2,"13":2,"14":1,"15":1,"16":1,"17":2},"f":{"0":2,"1":1,"2":2},"b":{"0":[0],"1":[1,0],"2":[0,1],"3":[1,0],"4":[1,0],"5":[0,0],"6":[0,2],"7":[1,1]},"_coverageSchema":"1a1c01bbd47fc00a2c39e90264f33305004495a9","hash":"77077a7c815ba16ff861fcdd522f17d7b569ad9c"}
}
