TN:
SF:src\server.js
FN:54,(anonymous_0)
FN:60,(anonymous_1)
FNF:2
FNH:1
FNDA:1,(anonymous_0)
FNDA:0,(anonymous_1)
DA:1,1
DA:2,1
DA:3,1
DA:5,1
DA:6,1
DA:8,1
DA:9,1
DA:10,1
DA:11,1
DA:13,1
DA:14,1
DA:15,1
DA:16,1
DA:17,1
DA:18,1
DA:19,1
DA:21,1
DA:23,1
DA:25,1
DA:27,1
DA:28,1
DA:29,0
DA:30,1
DA:31,0
DA:35,1
DA:37,1
DA:38,1
DA:40,1
DA:41,0
DA:44,1
DA:46,1
DA:47,1
DA:48,1
DA:49,1
DA:50,1
DA:51,1
DA:52,1
DA:54,1
DA:55,1
DA:58,1
DA:59,0
DA:60,0
DA:61,0
DA:65,1
LF:44
LH:38
BRDA:27,0,0,1
BRDA:27,0,1,0
BRDA:28,1,0,0
BRDA:28,1,1,1
BRDA:30,2,0,0
BRDA:30,2,1,1
BRDA:35,3,0,1
BRDA:35,3,1,0
BRDA:40,4,0,0
BRDA:40,4,1,1
BRDA:58,5,0,0
BRDA:58,5,1,1
BRDA:59,6,0,0
BRDA:59,6,1,0
BRF:14
BRH:6
end_of_record
TN:
SF:src\routes\admin.js
FN:15,(anonymous_0)
FN:16,(anonymous_1)
FN:20,(anonymous_2)
FN:41,(anonymous_3)
FN:48,(anonymous_4)
FN:59,(anonymous_5)
FN:71,(anonymous_6)
FN:79,(anonymous_7)
FN:104,(anonymous_8)
FN:120,(anonymous_9)
FN:125,(anonymous_10)
FN:137,(anonymous_11)
FN:185,(anonymous_12)
FN:236,(anonymous_13)
FN:279,(anonymous_14)
FNF:15
FNH:9
FNDA:1,(anonymous_0)
FNDA:1,(anonymous_1)
FNDA:2,(anonymous_2)
FNDA:1,(anonymous_3)
FNDA:1,(anonymous_4)
FNDA:0,(anonymous_5)
FNDA:2,(anonymous_6)
FNDA:2,(anonymous_7)
FNDA:0,(anonymous_8)
FNDA:1,(anonymous_9)
FNDA:0,(anonymous_10)
FNDA:1,(anonymous_11)
FNDA:0,(anonymous_12)
FNDA:0,(anonymous_13)
FNDA:0,(anonymous_14)
DA:1,2
DA:2,2
DA:4,2
DA:5,2
DA:11,2
DA:13,2
DA:15,2
DA:16,2
DA:18,2
DA:20,2
DA:21,2
DA:22,2
DA:26,2
DA:32,2
DA:41,2
DA:43,1
DA:45,1
DA:48,2
DA:59,2
DA:60,0
DA:61,0
DA:62,0
DA:63,0
DA:64,0
DA:68,0
DA:71,2
DA:79,2
DA:80,2
DA:81,2
DA:82,0
DA:88,2
DA:89,2
DA:90,0
DA:96,2
DA:97,2
DA:98,2
DA:104,2
DA:105,0
DA:112,0
DA:118,2
DA:120,2
DA:121,1
DA:122,1
DA:123,1
DA:126,0
DA:130,0
DA:137,2
DA:138,1
DA:139,1
DA:140,1
DA:142,1
DA:143,0
DA:149,1
DA:150,1
DA:151,0
DA:157,1
DA:158,1
DA:159,0
DA:165,1
DA:173,1
DA:178,0
DA:185,2
DA:186,0
DA:187,0
DA:188,0
DA:189,0
DA:195,0
DA:196,0
DA:197,0
DA:198,0
DA:204,0
DA:211,0
DA:217,0
DA:218,0
DA:224,0
DA:229,0
DA:236,2
DA:237,0
DA:238,0
DA:239,0
DA:240,0
DA:246,0
DA:247,0
DA:248,0
DA:254,0
DA:260,0
DA:261,0
DA:267,0
DA:272,0
DA:279,2
DA:280,0
DA:281,0
DA:282,0
DA:283,0
DA:289,0
DA:290,0
DA:291,0
DA:297,0
DA:302,0
DA:309,2
LF:100
LH:49
BRDA:15,0,0,0
BRDA:20,1,0,0
BRDA:22,2,0,2
BRDA:22,2,1,0
BRDA:27,3,0,0
BRDA:27,3,1,2
BRDA:27,4,0,2
BRDA:27,4,1,0
BRDA:29,5,0,2
BRDA:29,5,1,0
BRDA:33,6,0,2
BRDA:33,6,1,0
BRDA:43,7,0,1
BRDA:43,7,1,1
BRDA:44,8,0,1
BRDA:44,8,1,0
BRDA:51,9,0,1
BRDA:51,9,1,1
BRDA:53,10,0,1
BRDA:53,10,1,0
BRDA:63,11,0,0
BRDA:63,11,1,0
BRDA:81,12,0,0
BRDA:81,12,1,2
BRDA:88,13,0,2
BRDA:88,13,1,0
BRDA:89,14,0,0
BRDA:89,14,1,2
BRDA:139,15,0,1
BRDA:139,15,1,0
BRDA:140,16,0,1
BRDA:140,16,1,0
BRDA:142,17,0,0
BRDA:142,17,1,1
BRDA:150,18,0,0
BRDA:150,18,1,1
BRDA:157,19,0,1
BRDA:157,19,1,0
BRDA:158,20,0,0
BRDA:158,20,1,1
BRDA:168,21,0,1
BRDA:168,21,1,1
BRDA:170,22,0,1
BRDA:170,22,1,0
BRDA:188,23,0,0
BRDA:188,23,1,0
BRDA:195,24,0,0
BRDA:195,24,1,0
BRDA:196,25,0,0
BRDA:196,25,1,0
BRDA:197,26,0,0
BRDA:197,26,1,0
BRDA:206,27,0,0
BRDA:206,27,1,0
BRDA:208,28,0,0
BRDA:208,28,1,0
BRDA:217,29,0,0
BRDA:217,29,1,0
BRDA:239,30,0,0
BRDA:239,30,1,0
BRDA:246,31,0,0
BRDA:246,31,1,0
BRDA:247,32,0,0
BRDA:247,32,1,0
BRDA:260,33,0,0
BRDA:260,33,1,0
BRDA:282,34,0,0
BRDA:282,34,1,0
BRDA:290,35,0,0
BRDA:290,35,1,0
BRF:70
BRH:23
end_of_record
TN:
SF:src\routes\analytics.js
FN:11,(anonymous_0)
FNF:1
FNH:0
FNDA:0,(anonymous_0)
DA:1,1
DA:2,1
DA:4,1
DA:5,1
DA:6,1
DA:11,1
DA:12,0
DA:13,0
DA:14,0
DA:15,0
DA:17,0
DA:22,0
DA:34,0
DA:35,0
DA:42,1
LF:15
LH:7
BRF:0
BRH:0
end_of_record
TN:
SF:src\routes\export.js
FN:7,(anonymous_0)
FN:18,(anonymous_1)
FN:27,(anonymous_2)
FN:29,(anonymous_3)
FN:44,(anonymous_4)
FN:115,(anonymous_5)
FNF:6
FNH:1
FNDA:2,(anonymous_0)
FNDA:0,(anonymous_1)
FNDA:0,(anonymous_2)
FNDA:0,(anonymous_3)
FNDA:0,(anonymous_4)
FNDA:0,(anonymous_5)
DA:1,1
DA:2,1
DA:4,1
DA:5,1
DA:7,1
DA:8,2
DA:9,2
DA:12,1
DA:13,1
DA:18,1
DA:19,0
DA:20,0
DA:23,0
DA:24,0
DA:27,1
DA:29,1
DA:30,0
DA:31,0
DA:32,0
DA:33,0
DA:35,0
DA:36,0
DA:38,0
DA:44,1
DA:45,0
DA:46,0
DA:47,0
DA:49,0
DA:51,0
DA:53,0
DA:54,0
DA:55,0
DA:57,0
DA:58,0
DA:64,0
DA:65,0
DA:66,0
DA:69,0
DA:70,0
DA:73,0
DA:74,0
DA:75,0
DA:76,0
DA:79,0
DA:80,0
DA:84,0
DA:86,0
DA:95,0
DA:104,0
DA:105,0
DA:115,1
DA:116,0
DA:117,0
DA:118,0
DA:120,0
DA:121,0
DA:124,0
DA:125,0
DA:129,0
DA:130,0
DA:133,0
DA:134,0
DA:138,0
DA:140,0
DA:149,0
DA:159,0
DA:160,0
DA:167,1
LF:68
LH:15
BRDA:9,0,0,2
BRDA:9,0,1,0
BRDA:9,1,0,2
BRDA:9,1,1,2
BRDA:19,2,0,0
BRDA:19,2,1,0
BRDA:24,3,0,0
BRDA:24,3,1,0
BRDA:27,4,0,0
BRDA:27,4,1,0
BRDA:32,5,0,0
BRDA:32,5,1,0
BRDA:51,6,0,0
BRDA:51,6,1,0
BRDA:53,7,0,0
BRDA:53,7,1,0
BRDA:53,8,0,0
BRDA:53,8,1,0
BRDA:57,9,0,0
BRDA:57,9,1,0
BRDA:57,10,0,0
BRDA:57,10,1,0
BRDA:57,10,2,0
BRDA:57,10,3,0
BRDA:65,11,0,0
BRDA:65,11,1,0
BRDA:66,12,0,0
BRDA:66,12,1,0
BRDA:69,13,0,0
BRDA:69,13,1,0
BRDA:120,14,0,0
BRDA:120,14,1,0
BRF:32
BRH:3
end_of_record
TN:
SF:src\routes\participants.js
FN:7,(anonymous_0)
FN:32,(anonymous_1)
FN:47,(anonymous_2)
FN:50,(anonymous_3)
FN:125,(anonymous_4)
FN:131,(anonymous_5)
FN:139,(anonymous_6)
FN:164,(anonymous_7)
FN:173,(anonymous_8)
FN:255,(anonymous_9)
FN:360,(anonymous_10)
FN:427,(anonymous_11)
FNF:12
FNH:7
FNDA:0,(anonymous_0)
FNDA:0,(anonymous_1)
FNDA:10,(anonymous_2)
FNDA:2,(anonymous_3)
FNDA:2,(anonymous_4)
FNDA:6,(anonymous_5)
FNDA:2,(anonymous_6)
FNDA:34,(anonymous_7)
FNDA:3,(anonymous_8)
FNDA:0,(anonymous_9)
FNDA:0,(anonymous_10)
FNDA:0,(anonymous_11)
DA:1,2
DA:2,2
DA:3,2
DA:4,2
DA:5,2
DA:7,2
DA:8,0
DA:10,2
DA:11,2
DA:12,2
DA:13,2
DA:14,2
DA:16,2
DA:32,2
DA:33,0
DA:34,0
DA:47,2
DA:48,10
DA:50,2
DA:51,2
DA:52,0
DA:55,2
DA:56,2
DA:66,2
DA:67,14
DA:68,12
DA:70,2
DA:73,2
DA:74,0
DA:75,0
DA:76,0
DA:77,0
DA:78,0
DA:79,0
DA:81,0
DA:83,0
DA:84,0
DA:88,2
DA:89,2
DA:90,0
DA:91,0
DA:92,0
DA:93,0
DA:94,0
DA:98,0
DA:101,0
DA:104,2
DA:105,2
DA:106,0
DA:107,0
DA:108,0
DA:109,0
DA:110,0
DA:116,0
DA:119,0
DA:122,2
DA:125,2
DA:126,2
DA:127,0
DA:130,2
DA:131,2
DA:132,6
DA:133,2
DA:135,6
DA:139,2
DA:140,2
DA:141,0
DA:144,2
DA:164,2
DA:165,34
DA:166,0
DA:168,34
DA:173,2
DA:174,3
DA:175,3
DA:177,3
DA:178,0
DA:180,3
DA:181,0
DA:193,3
DA:195,3
DA:196,0
DA:199,3
DA:200,0
DA:206,3
DA:207,3
DA:208,0
DA:214,3
DA:215,2
DA:216,2
DA:217,2
DA:219,2
DA:220,1
DA:224,0
DA:230,1
DA:231,1
DA:232,1
DA:233,1
DA:234,1
DA:236,1
DA:243,1
DA:246,2
DA:251,1
DA:255,2
DA:256,0
DA:257,0
DA:258,0
DA:260,0
DA:261,0
DA:267,0
DA:268,0
DA:269,0
DA:270,0
DA:276,0
DA:280,0
DA:286,0
DA:290,0
DA:296,0
DA:297,0
DA:309,0
DA:315,0
DA:320,0
DA:321,0
DA:327,0
DA:328,0
DA:329,0
DA:331,0
DA:348,0
DA:353,0
DA:360,2
DA:361,0
DA:362,0
DA:364,0
DA:365,0
DA:371,0
DA:372,0
DA:373,0
DA:374,0
DA:380,0
DA:384,0
DA:390,0
DA:404,0
DA:405,0
DA:411,0
DA:420,0
DA:427,2
DA:428,0
DA:429,0
DA:436,0
DA:438,0
DA:439,0
DA:445,0
DA:446,0
DA:452,0
DA:456,0
DA:457,0
DA:459,0
DA:460,0
DA:461,0
DA:466,0
DA:468,0
DA:469,0
DA:470,0
DA:475,0
DA:477,0
DA:478,0
DA:480,0
DA:481,0
DA:482,0
DA:483,0
DA:484,0
DA:487,0
DA:502,0
DA:503,0
DA:509,0
DA:514,0
DA:521,2
LF:177
LH:71
BRDA:32,0,0,0
BRDA:33,1,0,0
BRDA:33,1,1,0
BRDA:37,2,0,0
BRDA:37,2,1,0
BRDA:38,3,0,0
BRDA:38,3,1,0
BRDA:41,4,0,0
BRDA:41,4,1,0
BRDA:48,5,0,10
BRDA:48,5,1,6
BRDA:48,5,2,6
BRDA:50,6,0,0
BRDA:51,7,0,0
BRDA:51,7,1,2
BRDA:67,8,0,12
BRDA:67,8,1,2
BRDA:73,9,0,0
BRDA:73,9,1,2
BRDA:74,10,0,0
BRDA:74,10,1,0
BRDA:76,11,0,0
BRDA:76,11,1,0
BRDA:78,12,0,0
BRDA:78,12,1,0
BRDA:83,13,0,0
BRDA:83,13,1,0
BRDA:89,14,0,0
BRDA:89,14,1,2
BRDA:94,15,0,0
BRDA:94,15,1,0
BRDA:95,16,0,0
BRDA:95,16,1,0
BRDA:105,17,0,0
BRDA:105,17,1,2
BRDA:110,18,0,0
BRDA:110,18,1,0
BRDA:111,19,0,0
BRDA:111,19,1,0
BRDA:111,19,2,0
BRDA:111,19,3,0
BRDA:125,20,0,0
BRDA:126,21,0,0
BRDA:126,21,1,2
BRDA:132,22,0,2
BRDA:132,22,1,4
BRDA:139,23,0,2
BRDA:140,24,0,0
BRDA:140,24,1,2
BRDA:165,25,0,0
BRDA:165,25,1,34
BRDA:177,26,0,0
BRDA:177,26,1,3
BRDA:177,27,0,3
BRDA:177,27,1,0
BRDA:180,28,0,0
BRDA:180,28,1,3
BRDA:180,29,0,3
BRDA:180,29,1,0
BRDA:195,30,0,0
BRDA:195,30,1,3
BRDA:195,31,0,3
BRDA:195,31,1,0
BRDA:199,32,0,0
BRDA:199,32,1,3
BRDA:199,33,0,3
BRDA:199,33,1,0
BRDA:206,34,0,3
BRDA:206,34,1,0
BRDA:207,35,0,0
BRDA:207,35,1,3
BRDA:207,36,0,3
BRDA:207,36,1,3
BRDA:219,37,0,1
BRDA:219,37,1,1
BRDA:220,38,0,0
BRDA:220,38,1,1
BRDA:221,39,0,1
BRDA:221,39,1,0
BRDA:258,40,0,0
BRDA:258,41,0,0
BRDA:258,41,1,0
BRDA:260,42,0,0
BRDA:260,42,1,0
BRDA:260,43,0,0
BRDA:260,43,1,0
BRDA:269,44,0,0
BRDA:269,44,1,0
BRDA:276,45,0,0
BRDA:276,45,1,0
BRDA:277,46,0,0
BRDA:277,46,1,0
BRDA:286,47,0,0
BRDA:286,47,1,0
BRDA:287,48,0,0
BRDA:287,48,1,0
BRDA:296,49,0,0
BRDA:296,49,1,0
BRDA:320,50,0,0
BRDA:320,50,1,0
BRDA:327,51,0,0
BRDA:327,51,1,0
BRDA:364,52,0,0
BRDA:364,52,1,0
BRDA:364,53,0,0
BRDA:364,53,1,0
BRDA:373,54,0,0
BRDA:373,54,1,0
BRDA:380,55,0,0
BRDA:380,55,1,0
BRDA:381,56,0,0
BRDA:381,56,1,0
BRDA:404,57,0,0
BRDA:404,57,1,0
BRDA:415,58,0,0
BRDA:415,58,1,0
BRDA:435,59,0,0
BRDA:436,60,0,0
BRDA:436,60,1,0
BRDA:438,61,0,0
BRDA:438,61,1,0
BRDA:438,62,0,0
BRDA:438,62,1,0
BRDA:445,63,0,0
BRDA:445,63,1,0
BRDA:445,64,0,0
BRDA:445,64,1,0
BRDA:456,65,0,0
BRDA:456,65,1,0
BRDA:459,66,0,0
BRDA:459,66,1,0
BRDA:460,67,0,0
BRDA:460,67,1,0
BRDA:460,68,0,0
BRDA:460,68,1,0
BRDA:468,69,0,0
BRDA:468,69,1,0
BRDA:469,70,0,0
BRDA:469,70,1,0
BRDA:469,71,0,0
BRDA:469,71,1,0
BRDA:477,72,0,0
BRDA:477,72,1,0
BRDA:477,73,0,0
BRDA:477,73,1,0
BRDA:480,74,0,0
BRDA:480,74,1,0
BRDA:502,75,0,0
BRDA:502,75,1,0
BRF:149
BRH:31
end_of_record
TN:
SF:src\routes\sentenceAttempts.js
FN:25,(anonymous_0)
FN:51,(anonymous_1)
FN:53,(anonymous_2)
FN:56,(anonymous_3)
FN:69,(anonymous_4)
FN:113,(anonymous_5)
FN:202,(anonymous_6)
FN:275,(anonymous_7)
FN:276,(anonymous_8)
FN:317,(anonymous_9)
FN:319,(anonymous_10)
FN:327,(anonymous_11)
FN:338,(anonymous_12)
FN:349,(anonymous_13)
FNF:14
FNH:14
FNDA:10,(anonymous_0)
FNDA:1,(anonymous_1)
FNDA:7,(anonymous_2)
FNDA:2,(anonymous_3)
FNDA:1,(anonymous_4)
FNDA:1,(anonymous_5)
FNDA:1,(anonymous_6)
FNDA:1,(anonymous_7)
FNDA:1,(anonymous_8)
FNDA:1,(anonymous_9)
FNDA:1,(anonymous_10)
FNDA:1,(anonymous_11)
FNDA:1,(anonymous_12)
FNDA:1,(anonymous_13)
DA:1,2
DA:2,2
DA:4,2
DA:5,2
DA:6,2
DA:7,2
DA:8,2
DA:9,2
DA:10,2
DA:12,2
DA:13,2
DA:14,2
DA:15,2
DA:22,2
DA:23,2
DA:25,2
DA:26,10
DA:27,10
DA:30,2
DA:34,2
DA:38,2
DA:42,2
DA:46,2
DA:51,2
DA:53,2
DA:54,7
DA:56,2
DA:57,2
DA:58,0
DA:61,2
DA:62,2
DA:63,0
DA:66,2
DA:69,2
DA:70,1
DA:71,0
DA:74,1
DA:75,1
DA:84,1
DA:85,6
DA:86,6
DA:88,0
DA:91,1
DA:92,1
DA:93,1
DA:94,1
DA:95,1
DA:96,1
DA:97,0
DA:99,1
DA:104,1
DA:107,1
DA:110,1
DA:113,2
DA:114,1
DA:115,0
DA:118,1
DA:119,0
DA:122,1
DA:123,0
DA:126,1
DA:127,0
DA:130,1
DA:131,0
DA:134,1
DA:135,0
DA:138,1
DA:139,1
DA:140,1
DA:141,0
DA:143,1
DA:144,0
DA:147,1
DA:148,0
DA:150,1
DA:151,0
DA:153,1
DA:154,0
DA:156,1
DA:157,0
DA:160,1
DA:161,1
DA:162,1
DA:165,1
DA:167,1
DA:168,0
DA:170,1
DA:171,0
DA:173,1
DA:174,0
DA:176,1
DA:177,0
DA:180,1
DA:181,1
DA:182,0
DA:185,1
DA:186,1
DA:187,0
DA:190,1
DA:191,1
DA:192,0
DA:196,1
DA:202,2
DA:203,1
DA:204,1
DA:205,1
DA:206,0
DA:212,1
DA:213,1
DA:214,0
DA:246,1
DA:248,1
DA:249,1
DA:250,0
DA:256,1
DA:267,1
DA:268,0
DA:274,1
DA:275,1
DA:276,1
DA:277,1
DA:278,0
DA:284,1
DA:286,1
DA:317,1
DA:319,1
DA:323,1
DA:325,1
DA:326,1
DA:327,1
DA:336,1
DA:337,1
DA:338,1
DA:347,1
DA:348,1
DA:349,1
DA:358,1
DA:376,1
DA:378,1
DA:379,1
DA:381,1
DA:382,1
DA:384,1
DA:385,1
DA:386,1
DA:388,1
DA:391,1
DA:398,0
DA:399,0
DA:400,0
DA:405,0
DA:412,2
LF:152
LH:119
BRDA:27,0,0,5
BRDA:27,0,1,5
BRDA:27,1,0,10
BRDA:27,1,1,5
BRDA:51,2,0,0
BRDA:54,3,0,7
BRDA:54,3,1,7
BRDA:54,3,2,7
BRDA:56,4,0,0
BRDA:57,5,0,0
BRDA:57,5,1,2
BRDA:61,6,0,2
BRDA:61,6,1,0
BRDA:62,7,0,0
BRDA:62,7,1,2
BRDA:69,8,0,0
BRDA:70,9,0,0
BRDA:70,9,1,1
BRDA:85,10,0,6
BRDA:85,10,1,0
BRDA:92,11,0,1
BRDA:92,11,1,0
BRDA:96,12,0,0
BRDA:96,12,1,1
BRDA:99,13,0,1
BRDA:99,13,1,0
BRDA:113,14,0,0
BRDA:114,15,0,0
BRDA:114,15,1,1
BRDA:114,16,0,1
BRDA:114,16,1,0
BRDA:118,17,0,0
BRDA:118,17,1,1
BRDA:118,18,0,1
BRDA:118,18,1,0
BRDA:122,19,0,0
BRDA:122,19,1,1
BRDA:122,20,0,1
BRDA:122,20,1,0
BRDA:126,21,0,0
BRDA:126,21,1,1
BRDA:126,22,0,1
BRDA:126,22,1,0
BRDA:130,23,0,0
BRDA:130,23,1,1
BRDA:130,24,0,1
BRDA:130,24,1,0
BRDA:134,25,0,0
BRDA:134,25,1,1
BRDA:138,26,0,1
BRDA:138,26,1,0
BRDA:139,27,0,1
BRDA:139,27,1,0
BRDA:140,28,0,0
BRDA:140,28,1,1
BRDA:143,29,0,0
BRDA:143,29,1,1
BRDA:147,30,0,0
BRDA:147,30,1,1
BRDA:147,31,0,1
BRDA:147,31,1,1
BRDA:150,32,0,0
BRDA:150,32,1,1
BRDA:150,33,0,1
BRDA:150,33,1,1
BRDA:153,34,0,0
BRDA:153,34,1,1
BRDA:153,35,0,1
BRDA:153,35,1,1
BRDA:156,36,0,0
BRDA:156,36,1,1
BRDA:156,37,0,1
BRDA:156,37,1,1
BRDA:160,38,0,1
BRDA:160,38,1,0
BRDA:161,39,0,1
BRDA:161,39,1,0
BRDA:162,40,0,1
BRDA:162,40,1,0
BRDA:165,41,0,1
BRDA:165,41,1,0
BRDA:167,42,0,0
BRDA:167,42,1,1
BRDA:170,43,0,0
BRDA:170,43,1,1
BRDA:173,44,0,0
BRDA:173,44,1,1
BRDA:176,45,0,0
BRDA:176,45,1,1
BRDA:181,46,0,0
BRDA:181,46,1,1
BRDA:186,47,0,0
BRDA:186,47,1,1
BRDA:191,48,0,0
BRDA:191,48,1,1
BRDA:205,49,0,0
BRDA:205,49,1,1
BRDA:205,50,0,1
BRDA:205,50,1,0
BRDA:212,51,0,1
BRDA:212,51,1,0
BRDA:213,52,0,0
BRDA:213,52,1,1
BRDA:234,53,0,0
BRDA:235,54,0,0
BRDA:236,55,0,0
BRDA:237,56,0,0
BRDA:249,57,0,0
BRDA:249,57,1,1
BRDA:249,58,0,1
BRDA:249,58,1,1
BRDA:267,59,0,0
BRDA:267,59,1,1
BRDA:274,60,0,1
BRDA:274,60,1,0
BRDA:275,61,0,1
BRDA:275,61,1,0
BRDA:277,62,0,0
BRDA:277,62,1,1
BRDA:277,63,0,1
BRDA:277,63,1,1
BRDA:302,64,0,1
BRDA:302,64,1,0
BRDA:317,65,0,1
BRDA:317,65,1,0
BRDA:325,66,0,1
BRDA:325,66,1,0
BRDA:336,67,0,1
BRDA:336,67,1,0
BRDA:347,68,0,1
BRDA:347,68,1,0
BRDA:376,69,0,1
BRDA:376,69,1,0
BRDA:378,70,0,1
BRDA:378,70,1,1
BRDA:380,71,0,1
BRDA:380,71,1,1
BRDA:383,72,0,1
BRDA:383,72,1,1
BRDA:385,73,0,1
BRDA:385,73,1,0
BRDA:399,74,0,0
BRDA:399,74,1,0
BRDA:399,75,0,0
BRDA:399,75,1,0
BRF:145
BRH:79
end_of_record
TN:
SF:src\routes\sentences.js
FN:30,normalizeSentence
FN:36,countGraphemes
FN:49,isInSentenceLengthRange
FN:54,splitIndicqaContext
FN:57,(anonymous_4)
FN:61,normalizeCorpusEntries
FN:64,(anonymous_6)
FN:70,(anonymous_7)
FN:76,pickRandomSentence
FN:81,parseBatchSize
FN:90,loadIndicqaCorpus
FN:140,(anonymous_11)
FN:152,loadCorpusFromLanguageConfig
FN:179,(anonymous_13)
FN:180,(anonymous_14)
FN:193,(anonymous_15)
FN:255,(anonymous_16)
FN:256,(anonymous_17)
FN:301,(anonymous_18)
FN:305,(anonymous_19)
FN:329,(anonymous_20)
FN:392,(anonymous_21)
FN:393,(anonymous_22)
FN:438,(anonymous_23)
FN:442,(anonymous_24)
FN:474,(anonymous_25)
FNF:26
FNH:0
FNDA:0,normalizeSentence
FNDA:0,countGraphemes
FNDA:0,isInSentenceLengthRange
FNDA:0,splitIndicqaContext
FNDA:0,(anonymous_4)
FNDA:0,normalizeCorpusEntries
FNDA:0,(anonymous_6)
FNDA:0,(anonymous_7)
FNDA:0,pickRandomSentence
FNDA:0,parseBatchSize
FNDA:0,loadIndicqaCorpus
FNDA:0,(anonymous_11)
FNDA:0,loadCorpusFromLanguageConfig
FNDA:0,(anonymous_13)
FNDA:0,(anonymous_14)
FNDA:0,(anonymous_15)
FNDA:0,(anonymous_16)
FNDA:0,(anonymous_17)
FNDA:0,(anonymous_18)
FNDA:0,(anonymous_19)
FNDA:0,(anonymous_20)
FNDA:0,(anonymous_21)
FNDA:0,(anonymous_22)
FNDA:0,(anonymous_23)
FNDA:0,(anonymous_24)
FNDA:0,(anonymous_25)
DA:1,1
DA:2,1
DA:3,1
DA:4,1
DA:6,1
DA:7,1
DA:8,1
DA:10,1
DA:11,1
DA:12,1
DA:13,1
DA:14,1
DA:15,1
DA:16,1
DA:17,1
DA:19,1
DA:26,1
DA:31,0
DA:37,0
DA:38,0
DA:39,0
DA:42,0
DA:43,0
DA:46,0
DA:50,0
DA:51,0
DA:55,0
DA:57,0
DA:62,0
DA:65,0
DA:70,0
DA:77,0
DA:78,0
DA:82,0
DA:83,0
DA:84,0
DA:87,0
DA:91,0
DA:92,0
DA:93,0
DA:96,0
DA:103,0
DA:104,0
DA:105,0
DA:106,0
DA:109,0
DA:110,0
DA:111,0
DA:113,0
DA:114,0
DA:115,0
DA:116,0
DA:117,0
DA:118,0
DA:124,0
DA:125,0
DA:126,0
DA:127,0
DA:128,0
DA:131,0
DA:132,0
DA:133,0
DA:136,0
DA:137,0
DA:140,0
DA:145,0
DA:149,0
DA:153,0
DA:154,0
DA:155,0
DA:156,0
DA:160,0
DA:165,0
DA:166,0
DA:167,0
DA:168,0
DA:171,0
DA:172,0
DA:173,0
DA:174,0
DA:177,0
DA:179,0
DA:180,0
DA:186,0
DA:190,0
DA:193,1
DA:194,0
DA:195,0
DA:196,0
DA:198,0
DA:199,0
DA:205,0
DA:206,0
DA:207,0
DA:213,0
DA:214,0
DA:220,0
DA:221,0
DA:227,0
DA:228,0
DA:234,0
DA:247,0
DA:248,0
DA:254,0
DA:255,0
DA:256,0
DA:258,0
DA:259,0
DA:265,0
DA:270,0
DA:271,0
DA:274,0
DA:275,0
DA:281,0
DA:287,0
DA:289,0
DA:290,0
DA:291,0
DA:301,0
DA:304,0
DA:305,0
DA:307,0
DA:308,0
DA:311,0
DA:313,0
DA:321,0
DA:322,0
DA:329,1
DA:330,0
DA:331,0
DA:332,0
DA:333,0
DA:335,0
DA:336,0
DA:342,0
DA:343,0
DA:344,0
DA:350,0
DA:351,0
DA:357,0
DA:358,0
DA:364,0
DA:365,0
DA:371,0
DA:384,0
DA:385,0
DA:391,0
DA:392,0
DA:393,0
DA:395,0
DA:396,0
DA:402,0
DA:407,0
DA:408,0
DA:411,0
DA:412,0
DA:418,0
DA:424,0
DA:426,0
DA:427,0
DA:428,0
DA:438,0
DA:441,0
DA:442,0
DA:443,0
DA:444,0
DA:447,0
DA:448,0
DA:449,0
DA:451,0
DA:452,0
DA:453,0
DA:454,0
DA:457,0
DA:466,0
DA:467,0
DA:474,1
DA:475,0
DA:476,0
DA:477,0
DA:478,0
DA:479,0
DA:485,0
DA:490,0
DA:491,0
DA:494,0
DA:501,0
DA:502,0
DA:509,1
LF:189
LH:21
BRDA:26,0,0,1
BRDA:26,0,1,0
BRDA:26,1,0,1
BRDA:26,1,1,1
BRDA:30,2,0,0
BRDA:31,3,0,0
BRDA:31,3,1,0
BRDA:36,4,0,0
BRDA:38,5,0,0
BRDA:38,5,1,0
BRDA:42,6,0,0
BRDA:42,6,1,0
BRDA:49,7,0,0
BRDA:51,8,0,0
BRDA:51,8,1,0
BRDA:54,9,0,0
BRDA:55,10,0,0
BRDA:55,10,1,0
BRDA:61,11,0,0
BRDA:65,12,0,0
BRDA:65,12,1,0
BRDA:65,12,2,0
BRDA:65,12,3,0
BRDA:83,13,0,0
BRDA:83,13,1,0
BRDA:92,14,0,0
BRDA:92,14,1,0
BRDA:105,15,0,0
BRDA:105,15,1,0
BRDA:113,16,0,0
BRDA:113,16,1,0
BRDA:114,17,0,0
BRDA:114,17,1,0
BRDA:116,18,0,0
BRDA:116,18,1,0
BRDA:117,19,0,0
BRDA:117,19,1,0
BRDA:127,20,0,0
BRDA:127,20,1,0
BRDA:132,21,0,0
BRDA:132,21,1,0
BRDA:152,22,0,0
BRDA:153,23,0,0
BRDA:153,23,1,0
BRDA:155,24,0,0
BRDA:155,24,1,0
BRDA:167,25,0,0
BRDA:167,25,1,0
BRDA:173,26,0,0
BRDA:173,26,1,0
BRDA:179,27,0,0
BRDA:179,27,1,0
BRDA:196,28,0,0
BRDA:196,28,1,0
BRDA:198,29,0,0
BRDA:198,29,1,0
BRDA:198,30,0,0
BRDA:198,30,1,0
BRDA:198,30,2,0
BRDA:206,31,0,0
BRDA:206,31,1,0
BRDA:213,32,0,0
BRDA:213,32,1,0
BRDA:220,33,0,0
BRDA:220,33,1,0
BRDA:227,34,0,0
BRDA:227,34,1,0
BRDA:247,35,0,0
BRDA:247,35,1,0
BRDA:254,36,0,0
BRDA:254,36,1,0
BRDA:255,37,0,0
BRDA:255,37,1,0
BRDA:258,38,0,0
BRDA:258,38,1,0
BRDA:258,39,0,0
BRDA:258,39,1,0
BRDA:270,40,0,0
BRDA:270,40,1,0
BRDA:274,41,0,0
BRDA:274,41,1,0
BRDA:290,42,0,0
BRDA:290,42,1,0
BRDA:307,43,0,0
BRDA:307,43,1,0
BRDA:332,44,0,0
BRDA:332,44,1,0
BRDA:335,45,0,0
BRDA:335,45,1,0
BRDA:335,46,0,0
BRDA:335,46,1,0
BRDA:335,46,2,0
BRDA:343,47,0,0
BRDA:343,47,1,0
BRDA:350,48,0,0
BRDA:350,48,1,0
BRDA:357,49,0,0
BRDA:357,49,1,0
BRDA:364,50,0,0
BRDA:364,50,1,0
BRDA:384,51,0,0
BRDA:384,51,1,0
BRDA:391,52,0,0
BRDA:391,52,1,0
BRDA:392,53,0,0
BRDA:392,53,1,0
BRDA:395,54,0,0
BRDA:395,54,1,0
BRDA:395,55,0,0
BRDA:395,55,1,0
BRDA:407,56,0,0
BRDA:407,56,1,0
BRDA:411,57,0,0
BRDA:411,57,1,0
BRDA:427,58,0,0
BRDA:427,58,1,0
BRDA:443,59,0,0
BRDA:443,59,1,0
BRDA:451,60,0,0
BRDA:451,60,1,0
BRDA:478,61,0,0
BRDA:478,61,1,0
BRDA:490,62,0,0
BRDA:490,62,1,0
BRF:124
BRH:3
end_of_record
TN:
SF:src\routes\studyLinks.js
FN:7,(anonymous_0)
FN:9,(anonymous_1)
FN:30,(anonymous_2)
FNF:3
FNH:3
FNDA:2,(anonymous_0)
FNDA:1,(anonymous_1)
FNDA:2,(anonymous_2)
DA:1,2
DA:3,2
DA:5,2
DA:7,2
DA:9,2
DA:30,2
DA:31,2
DA:32,2
DA:34,2
DA:35,0
DA:41,2
DA:42,2
DA:43,1
DA:49,1
DA:54,1
DA:61,2
LF:16
LH:15
BRDA:7,0,0,0
BRDA:13,1,0,1
BRDA:13,1,1,0
BRDA:15,2,0,0
BRDA:15,2,1,1
BRDA:15,3,0,1
BRDA:15,3,1,0
BRDA:18,4,0,1
BRDA:18,4,1,0
BRDA:20,5,0,0
BRDA:20,5,1,0
BRDA:34,6,0,0
BRDA:34,6,1,2
BRDA:42,7,0,1
BRDA:42,7,1,1
BRF:15
BRH:7
end_of_record
